[LOG : (null) -> 0.580000]Started At: 22:21:26
[LOG : (null) -> 0.591000]Variabile:SO_BASE inizializzata a 40 
[LOG : (null) -> 0.592000]Variabile:SO_ALTEZZA inizializzata a 20 
[LOG : (null) -> 0.593000]Variabile:SO_NUM_G inizializzata a 1 
[LOG : (null) -> 0.594000]Variabile:SO_NUM_P inizializzata a 1 
[LOG : (null) -> 0.594000]Variabile:SO_FLAG_MIN inizializzata a 10 
[LOG : (null) -> 0.595000]Variabile:SO_FLAG_MAX inizializzata a 20  
[LOG : (null) -> 0.595000]Variabile:SO_ROUND_SCORE inizializzata a 100 
[LOG : (null) -> 0.596000]Variabile:SO_MIN_HOLD_NSEC inizializzata a 100000000 
[LOG : (null) -> 0.597000]Variabile:SO_N_MOVES inizializzata a 40 
[LOG : (null) -> 0.597000]Variabile:SO_MAX_TIME inizializzata a 6 
[LOG : (null) -> 0.598000]Impostazione maschere e segnali
[LOG : (null) -> 0.600000]Inizializzazione Memoria Condivisa
[Debug (null)]: Memoria Condivisa Inizializzata
[LOG : (null) -> 0.621000]Tabella semafori iniziata
[LOG : (null) -> 4.480000]tabella semafori configurata
[Debug (null)]: Shared Table attach completato
[LOG : (null) -> 4.505000]Memoria Condivisa Inizializzata
[LOG : Player -> 0.070000]Player Started At 22:21:26
[LOG : Player -> 0.085000]Tabella semafori iniziata
[LOG : Player -> 0.092000]Setup Struttura dei segnali
[LOG : Player -> 0.098000]Generazione pezzi iniziata
[LOG : Piece -> 0.079000]PLAYER_CLEANER:Interruzione esecuzione in corso
[LOG : (null) -> 0.580000]Started At: 22:21:26
[LOG : (null) -> 0.591000]Variabile:SO_BASE inizializzata a 40 
[LOG : (null) -> 0.592000]Variabile:SO_ALTEZZA inizializzata a 20 
[LOG : (null) -> 0.593000]Variabile:SO_NUM_G inizializzata a 1 
[LOG : (null) -> 0.594000]Variabile:SO_NUM_P inizializzata a 1 
[LOG : (null) -> 0.594000]Variabile:SO_FLAG_MIN inizializzata a 10 
[LOG : (null) -> 0.595000]Variabile:SO_FLAG_MAX inizializzata a 20  
[LOG : (null) -> 0.595000]Variabile:SO_ROUND_SCORE inizializzata a 100 
[LOG : (null) -> 0.596000]Variabile:SO_MIN_HOLD_NSEC inizializzata a 100000000 
[LOG : (null) -> 0.597000]Variabile:SO_N_MOVES inizializzata a 40 
[LOG : (null) -> 0.597000]Variabile:SO_MAX_TIME inizializzata a 6 
[LOG : (null) -> 0.598000]Impostazione maschere e segnali
[LOG : (null) -> 0.600000]Inizializzazione Memoria Condivisa
[Debug (null)]: Memoria Condivisa Inizializzata
[LOG : (null) -> 0.621000]Tabella semafori iniziata
[LOG : (null) -> 4.480000]tabella semafori configurata
[Debug (null)]: Shared Table attach completato
[LOG : (null) -> 4.505000]Memoria Condivisa Inizializzata
[LOG : Player -> 0.070000]Player Started At 22:21:26
[LOG : Player -> 0.085000]Tabella semafori iniziata
[LOG : Player -> 0.092000]Setup Struttura dei segnali
[LOG : Player -> 0.098000]Generazione pezzi iniziata
[LOG : Player -> 0.160000]Generato pezzo 0
[LOG : Player -> 0.171000]Received Message Phase:1 
[ERROR : Player]:Permission denied,message:Error in semop
[LOG : Player -> 0.183000]PLAYER_CLEANER:Interruzione esecuzione in corso
[LOG : Player -> 0.227000]PLAYER_CLEANER:Interruzione esecuzione in corso
[LOG : (null) -> 0.580000]Started At: 22:21:26
[LOG : (null) -> 0.591000]Variabile:SO_BASE inizializzata a 40 
[LOG : (null) -> 0.592000]Variabile:SO_ALTEZZA inizializzata a 20 
[LOG : (null) -> 0.593000]Variabile:SO_NUM_G inizializzata a 1 
[LOG : (null) -> 0.594000]Variabile:SO_NUM_P inizializzata a 1 
[LOG : (null) -> 0.594000]Variabile:SO_FLAG_MIN inizializzata a 10 
[LOG : (null) -> 0.595000]Variabile:SO_FLAG_MAX inizializzata a 20  
[LOG : (null) -> 0.595000]Variabile:SO_ROUND_SCORE inizializzata a 100 
[LOG : (null) -> 0.596000]Variabile:SO_MIN_HOLD_NSEC inizializzata a 100000000 
[LOG : (null) -> 0.597000]Variabile:SO_N_MOVES inizializzata a 40 
[LOG : (null) -> 0.597000]Variabile:SO_MAX_TIME inizializzata a 6 
[LOG : (null) -> 0.598000]Impostazione maschere e segnali
[LOG : (null) -> 0.600000]Inizializzazione Memoria Condivisa
[Debug (null)]: Memoria Condivisa Inizializzata
[LOG : (null) -> 0.621000]Tabella semafori iniziata
[LOG : (null) -> 4.480000]tabella semafori configurata
[Debug (null)]: Shared Table attach completato
[LOG : (null) -> 4.505000]Memoria Condivisa Inizializzata
[LOG : Master -> 4.588000]Player: 0 started with pid: 4667
[LOG : Master -> 4.626000]Ricevuto Segnale SIGINT
[LOG : Master -> 4.628000]Killing process 4667
[LOG : Master -> 4.664000]Process 4667 exited with status (null)
[LOG : Master -> 4.667000]MASTER_CLEANER_LAUNCHED
[LOG : Master -> 4.686000]Cleaning ids
[LOG : Master -> 4.689000]All done BBYEEE
