[LOG : 2.238000] Started At: 07:18:10

[LOG : 2.280000] Impostazione maschere e segnali
[LOG : 2.284000] Segnali Impostati
[LOG : 2.285000] Inizializzazione Memoria Condivisa
[DEBUG]: Msgqueque creata
[DEBUG]: Memoria Condivisa Inizializzata
[DEBUG]: Shared Table attach completato
[LOG : 2.323000] Setup dei semafori
[LOG : 2.360000] Memoria Condivisa Inizializzata
[LOG : 2.238000] Started At: 07:18:10

[LOG : 2.280000] Impostazione maschere e segnali
[LOG : 2.284000] Segnali Impostati
[LOG : 2.285000] Inizializzazione Memoria Condivisa
[DEBUG]: Msgqueque creata
[DEBUG]: Memoria Condivisa Inizializzata
[DEBUG]: Shared Table attach completato
[LOG : 2.323000] Setup dei semafori
[LOG : 2.360000] Memoria Condivisa Inizializzata
[LOG : 2.514000] Player: 0 started with pid: 15630
[LOG : 2.678000] Player: 1 started with pid: 15631
[LOG : 2.688000] MASTER:End Of Execution
[LOG : 2.690000] MASTER:Stopped at 07:18:10
[LOG : 2.238000] Started At: 07:18:10

[LOG : 2.280000] Impostazione maschere e segnali
[LOG : 2.284000] Segnali Impostati
[LOG : 2.285000] Inizializzazione Memoria Condivisa
[DEBUG]: Msgqueque creata
[DEBUG]: Memoria Condivisa Inizializzata
[DEBUG]: Shared Table attach completato
[LOG : 2.323000] Setup dei semafori
[LOG : 2.360000] Memoria Condivisa Inizializzata
[LOG : 2.238000] Started At: 07:18:10

[LOG : 2.280000] Impostazione maschere e segnali
[LOG : 2.284000] Segnali Impostati
[LOG : 2.285000] Inizializzazione Memoria Condivisa
[DEBUG]: Msgqueque creata
[DEBUG]: Memoria Condivisa Inizializzata
[DEBUG]: Shared Table attach completato
[LOG : 2.323000] Setup dei semafori
[LOG : 2.360000] Memoria Condivisa Inizializzata
[LOG : 2.238000] Started At: 07:18:10

[LOG : 2.280000] Impostazione maschere e segnali
[LOG : 2.284000] Segnali Impostati
[LOG : 2.285000] Inizializzazione Memoria Condivisa
[DEBUG]: Msgqueque creata
[DEBUG]: Memoria Condivisa Inizializzata
[DEBUG]: Shared Table attach completato
[LOG : 2.323000] Setup dei semafori
[LOG : 2.360000] Memoria Condivisa Inizializzata
[LOG : 2.238000] Started At: 07:18:10

[LOG : 2.280000] Impostazione maschere e segnali
[LOG : 2.284000] Segnali Impostati
[LOG : 2.285000] Inizializzazione Memoria Condivisa
[DEBUG]: Msgqueque creata
[DEBUG]: Memoria Condivisa Inizializzata
[DEBUG]: Shared Table attach completato
[LOG : 2.323000] Setup dei semafori
[LOG : 2.360000] Memoria Condivisa Inizializzata
[LOG : 2.514000] Player: 0 started with pid: 15630
[LOG : 2.238000] Started At: 07:18:10

[LOG : 2.280000] Impostazione maschere e segnali
[LOG : 2.284000] Segnali Impostati
[LOG : 2.285000] Inizializzazione Memoria Condivisa
[DEBUG]: Msgqueque creata
[DEBUG]: Memoria Condivisa Inizializzata
[DEBUG]: Shared Table attach completato
[LOG : 2.323000] Setup dei semafori
[LOG : 2.360000] Memoria Condivisa Inizializzata
[LOG : 2.514000] Player: 0 started with pid: 15630
[LOG : 2.238000] Started At: 07:18:10

[LOG : 2.280000] Impostazione maschere e segnali
[LOG : 2.284000] Segnali Impostati
[LOG : 2.285000] Inizializzazione Memoria Condivisa
[DEBUG]: Msgqueque creata
[DEBUG]: Memoria Condivisa Inizializzata
[DEBUG]: Shared Table attach completato
[LOG : 2.323000] Setup dei semafori
[LOG : 2.360000] Memoria Condivisa Inizializzata
[LOG : 2.238000] Started At: 07:18:10

[LOG : 2.280000] Impostazione maschere e segnali
[LOG : 2.284000] Segnali Impostati
[LOG : 2.285000] Inizializzazione Memoria Condivisa
[DEBUG]: Msgqueque creata
[DEBUG]: Memoria Condivisa Inizializzata
[DEBUG]: Shared Table attach completato
[LOG : 2.323000] Setup dei semafori
[LOG : 2.360000] Memoria Condivisa Inizializzata
[LOG : 2.238000] Started At: 07:18:10

[LOG : 2.280000] Impostazione maschere e segnali
[LOG : 2.284000] Segnali Impostati
[LOG : 2.285000] Inizializzazione Memoria Condivisa
[DEBUG]: Msgqueque creata
[DEBUG]: Memoria Condivisa Inizializzata
[DEBUG]: Shared Table attach completato
[LOG : 2.323000] Setup dei semafori
[LOG : 2.360000] Memoria Condivisa Inizializzata
[LOG : 2.514000] Player: 0 started with pid: 15630
[LOG : 2.238000] Started At: 07:18:10

[LOG : 2.280000] Impostazione maschere e segnali
[LOG : 2.284000] Segnali Impostati
[LOG : 2.285000] Inizializzazione Memoria Condivisa
[DEBUG]: Msgqueque creata
[DEBUG]: Memoria Condivisa Inizializzata
[DEBUG]: Shared Table attach completato
[LOG : 2.323000] Setup dei semafori
[LOG : 2.360000] Memoria Condivisa Inizializzata
[LOG : 2.514000] Player: 0 started with pid: 15630
[LOG : 2.238000] Started At: 07:18:10

[LOG : 2.280000] Impostazione maschere e segnali
[LOG : 2.284000] Segnali Impostati
[LOG : 2.285000] Inizializzazione Memoria Condivisa
[DEBUG]: Msgqueque creata
[DEBUG]: Memoria Condivisa Inizializzata
[DEBUG]: Shared Table attach completato
[LOG : 2.323000] Setup dei semafori
[LOG : 2.360000] Memoria Condivisa Inizializzata
[LOG : 2.238000] Started At: 07:18:10

[LOG : 2.280000] Impostazione maschere e segnali
[LOG : 2.284000] Segnali Impostati
[LOG : 2.285000] Inizializzazione Memoria Condivisa
[DEBUG]: Msgqueque creata
[DEBUG]: Memoria Condivisa Inizializzata
[DEBUG]: Shared Table attach completato
[LOG : 2.323000] Setup dei semafori
[LOG : 2.360000] Memoria Condivisa Inizializzata
[LOG : 2.514000] Player: 0 started with pid: 15630
[LOG : 2.238000] Started At: 07:18:10

[LOG : 2.280000] Impostazione maschere e segnali
[LOG : 2.284000] Segnali Impostati
[LOG : 2.285000] Inizializzazione Memoria Condivisa
[DEBUG]: Msgqueque creata
[DEBUG]: Memoria Condivisa Inizializzata
[DEBUG]: Shared Table attach completato
[LOG : 2.323000] Setup dei semafori
[LOG : 2.360000] Memoria Condivisa Inizializzata
[LOG : 2.238000] Started At: 07:18:10

[LOG : 2.280000] Impostazione maschere e segnali
[LOG : 2.284000] Segnali Impostati
[LOG : 2.285000] Inizializzazione Memoria Condivisa
[DEBUG]: Msgqueque creata
[DEBUG]: Memoria Condivisa Inizializzata
[DEBUG]: Shared Table attach completato
[LOG : 2.323000] Setup dei semafori
[LOG : 2.360000] Memoria Condivisa Inizializzata
[LOG : 2.238000] Started At: 07:18:10

[LOG : 2.280000] Impostazione maschere e segnali
[LOG : 2.284000] Segnali Impostati
[LOG : 2.285000] Inizializzazione Memoria Condivisa
[DEBUG]: Msgqueque creata
[DEBUG]: Memoria Condivisa Inizializzata
[DEBUG]: Shared Table attach completato
[LOG : 2.323000] Setup dei semafori
[LOG : 2.360000] Memoria Condivisa Inizializzata
[LOG : 2.238000] Started At: 07:18:10

[LOG : 2.280000] Impostazione maschere e segnali
[LOG : 2.284000] Segnali Impostati
[LOG : 2.285000] Inizializzazione Memoria Condivisa
[DEBUG]: Msgqueque creata
[DEBUG]: Memoria Condivisa Inizializzata
[DEBUG]: Shared Table attach completato
[LOG : 2.323000] Setup dei semafori
[LOG : 2.360000] Memoria Condivisa Inizializzata
[LOG : 2.238000] Started At: 07:18:10

[LOG : 2.280000] Impostazione maschere e segnali
[LOG : 2.284000] Segnali Impostati
[LOG : 2.285000] Inizializzazione Memoria Condivisa
[DEBUG]: Msgqueque creata
[DEBUG]: Memoria Condivisa Inizializzata
[DEBUG]: Shared Table attach completato
[LOG : 2.323000] Setup dei semafori
[LOG : 2.360000] Memoria Condivisa Inizializzata
[LOG : 2.514000] Player: 0 started with pid: 15630
[LOG : 2.238000] Started At: 07:18:10

[LOG : 2.280000] Impostazione maschere e segnali
[LOG : 2.284000] Segnali Impostati
[LOG : 2.285000] Inizializzazione Memoria Condivisa
[DEBUG]: Msgqueque creata
[DEBUG]: Memoria Condivisa Inizializzata
[DEBUG]: Shared Table attach completato
[LOG : 2.323000] Setup dei semafori
[LOG : 2.360000] Memoria Condivisa Inizializzata
[LOG : 2.514000] Player: 0 started with pid: 15630
[LOG : 2.238000] Started At: 07:18:10

[LOG : 2.280000] Impostazione maschere e segnali
[LOG : 2.284000] Segnali Impostati
[LOG : 2.285000] Inizializzazione Memoria Condivisa
[DEBUG]: Msgqueque creata
[DEBUG]: Memoria Condivisa Inizializzata
[DEBUG]: Shared Table attach completato
[LOG : 2.323000] Setup dei semafori
[LOG : 2.360000] Memoria Condivisa Inizializzata
[LOG : 2.514000] Player: 0 started with pid: 15630
[LOG : 2.238000] Started At: 07:18:10

[LOG : 2.280000] Impostazione maschere e segnali
[LOG : 2.284000] Segnali Impostati
[LOG : 2.285000] Inizializzazione Memoria Condivisa
[DEBUG]: Msgqueque creata
[DEBUG]: Memoria Condivisa Inizializzata
[DEBUG]: Shared Table attach completato
[LOG : 2.323000] Setup dei semafori
[LOG : 2.360000] Memoria Condivisa Inizializzata
[LOG : 2.514000] Player: 0 started with pid: 15630
[LOG : 2.238000] Started At: 07:18:10

[LOG : 2.280000] Impostazione maschere e segnali
[LOG : 2.284000] Segnali Impostati
[LOG : 2.285000] Inizializzazione Memoria Condivisa
[DEBUG]: Msgqueque creata
[DEBUG]: Memoria Condivisa Inizializzata
[DEBUG]: Shared Table attach completato
[LOG : 2.323000] Setup dei semafori
[LOG : 2.360000] Memoria Condivisa Inizializzata
[LOG : 2.514000] Player: 0 started with pid: 15630
[LOG : 2.238000] Started At: 07:18:10

[LOG : 2.280000] Impostazione maschere e segnali
[LOG : 2.284000] Segnali Impostati
[LOG : 2.285000] Inizializzazione Memoria Condivisa
[DEBUG]: Msgqueque creata
[DEBUG]: Memoria Condivisa Inizializzata
[DEBUG]: Shared Table attach completato
[LOG : 2.323000] Setup dei semafori
[LOG : 2.360000] Memoria Condivisa Inizializzata
[LOG : 2.514000] Player: 0 started with pid: 15630
