[LOG : Piece -> 0.131000] Piece 0 of player A Started At 23:54:36
[LOG : Piece -> 0.153000] Setup Struttura dei segnali
[LOG : Piece -> 0.101000] Piece 1 of player A Started At 23:54:36
[LOG : Piece -> 0.122000] Setup Struttura dei segnali
[LOG : Piece -> 0.114000] Piece 2 of player A Started At 23:54:36
[LOG : Piece -> 0.121000] Setup Struttura dei segnali
[LOG : Piece -> 0.134000] Piece 3 of player A Started At 23:54:36
[LOG : Piece -> 0.154000] Setup Struttura dei segnali
[LOG : Piece -> 0.127000] Piece 4 of player A Started At 23:54:36
[LOG : Piece -> 0.149000] Setup Struttura dei segnali
[LOG : Piece -> 0.098000] Piece 5 of player A Started At 23:54:36
[LOG : Piece -> 0.108000] Setup Struttura dei segnali
[LOG : Piece -> 0.101000] Piece 6 of player A Started At 23:54:36
[LOG : Piece -> 0.108000] Setup Struttura dei segnali
[LOG : Piece -> 0.108000] Piece 7 of player A Started At 23:54:36
[LOG : Piece -> 0.118000] Setup Struttura dei segnali
[LOG : Piece -> 0.106000] Piece 8 of player A Started At 23:54:36
[LOG : Piece -> 0.114000] Setup Struttura dei segnali
[LOG : Piece -> 0.101000] Piece 9 of player A Started At 23:54:36
[LOG : Piece -> 0.121000] Setup Struttura dei segnali
[LOG : Piece -> 0.065000] Piece 10 of player A Started At 23:54:36
[LOG : Piece -> 0.071000] Setup Struttura dei segnali
[LOG : Piece -> 0.066000] Piece 11 of player A Started At 23:54:36
[LOG : Piece -> 0.089000] Setup Struttura dei segnali
[LOG : Piece -> 0.101000] Piece 12 of player A Started At 23:54:36
[LOG : Piece -> 0.111000] Setup Struttura dei segnali
[LOG : Piece -> 0.098000] Piece 13 of player A Started At 23:54:36
[LOG : Piece -> 0.117000] Setup Struttura dei segnali
[LOG : Piece -> 0.058000] Piece 14 of player A Started At 23:54:36
[LOG : Piece -> 0.077000] Setup Struttura dei segnali
[LOG : Piece -> 0.071000] Piece 15 of player A Started At 23:54:36
[LOG : Piece -> 0.089000] Setup Struttura dei segnali
[LOG : Piece -> 0.065000] Piece 16 of player A Started At 23:54:36
[LOG : Piece -> 0.074000] Setup Struttura dei segnali
[LOG : Piece -> 0.086000] Piece 17 of player A Started At 23:54:36
[LOG : Piece -> 0.105000] Setup Struttura dei segnali
[LOG : Piece -> 0.098000] Piece 18 of player A Started At 23:54:36
[LOG : Piece -> 0.117000] Setup Struttura dei segnali
[LOG : Piece -> 0.085000] Piece 19 of player A Started At 23:54:36
[LOG : Piece -> 0.104000] Setup Struttura dei segnali
[LOG : Piece -> 0.093000] Piece 0 of player A Started At 23:56:03
[LOG : Piece -> 0.100000] Setup Struttura dei segnali
[LOG : Piece -> 0.157000] Piece 1 of player A Started At 23:56:03
[LOG : Piece -> 0.177000] Setup Struttura dei segnali
[LOG : Piece -> 0.101000] Piece 2 of player A Started At 23:56:03
[LOG : Piece -> 0.123000] Setup Struttura dei segnali
[LOG : Piece -> 0.094000] Piece 3 of player A Started At 23:56:03
[LOG : Piece -> 0.117000] Setup Struttura dei segnali
[LOG : Piece -> 0.099000] Piece 4 of player A Started At 23:56:03
[LOG : Piece -> 0.121000] Setup Struttura dei segnali
[LOG : Piece -> 0.071000] Piece 5 of player A Started At 23:56:03
[LOG : Piece -> 0.093000] Setup Struttura dei segnali
[LOG : Piece -> 0.072000] Piece 6 of player A Started At 23:56:03
[LOG : Piece -> 0.091000] Setup Struttura dei segnali
[LOG : Piece -> 0.109000] Piece 7 of player A Started At 23:56:03
[LOG : Piece -> 0.126000] Setup Struttura dei segnali
[LOG : Piece -> 0.102000] Piece 8 of player A Started At 23:56:03
[LOG : Piece -> 0.122000] Setup Struttura dei segnali
[LOG : Piece -> 0.087000] Piece 9 of player A Started At 23:56:03
[LOG : Piece -> 0.097000] Setup Struttura dei segnali
[LOG : Piece -> 0.058000] Piece 10 of player A Started At 23:56:03
[LOG : Piece -> 0.065000] Setup Struttura dei segnali
[LOG : Piece -> 0.110000] Piece 11 of player A Started At 23:56:03
[LOG : Piece -> 0.130000] Setup Struttura dei segnali
[LOG : Piece -> 0.057000] Piece 12 of player A Started At 23:56:03
[LOG : Piece -> 0.063000] Setup Struttura dei segnali
[LOG : Piece -> 0.092000] Piece 13 of player A Started At 23:56:03
[LOG : Piece -> 0.099000] Setup Struttura dei segnali
[LOG : Piece -> 0.094000] Piece 14 of player A Started At 23:56:03
[LOG : Piece -> 0.116000] Setup Struttura dei segnali
[LOG : Piece -> 0.090000] Piece 15 of player A Started At 23:56:03
[LOG : Piece -> 0.110000] Setup Struttura dei segnali
[LOG : Piece -> 0.096000] Piece 16 of player A Started At 23:56:03
[LOG : Piece -> 0.115000] Setup Struttura dei segnali
[LOG : Piece -> 0.092000] Piece 17 of player A Started At 23:56:03
[LOG : Piece -> 0.127000] Setup Struttura dei segnali
[LOG : Piece -> 0.112000] Piece 18 of player A Started At 23:56:03
[LOG : Piece -> 0.120000] Setup Struttura dei segnali
[LOG : Piece -> 0.098000] Piece 19 of player A Started At 23:56:03
[LOG : Piece -> 0.107000] Setup Struttura dei segnali
[LOG : Piece -> 0.096000] Piece 0 of player A Started At 23:56:03
[LOG : Piece -> 0.118000] Setup Struttura dei segnali
[LOG : Piece -> 0.088000] Piece 1 of player A Started At 23:56:03
[LOG : Piece -> 0.109000] Setup Struttura dei segnali
[LOG : Piece -> 0.109000] Piece 2 of player A Started At 23:56:03
[LOG : Piece -> 0.129000] Setup Struttura dei segnali
[LOG : Piece -> 0.176000] Piece 3 of player A Started At 23:56:03
[LOG : Piece -> 0.186000] Setup Struttura dei segnali
[LOG : Piece -> 0.107000] Piece 4 of player A Started At 23:56:03
[LOG : Piece -> 0.116000] Setup Struttura dei segnali
[LOG : Piece -> 0.084000] Piece 5 of player A Started At 23:56:03
[LOG : Piece -> 0.091000] Setup Struttura dei segnali
[LOG : Piece -> 0.125000] Piece 6 of player A Started At 23:56:03
[LOG : Piece -> 0.146000] Setup Struttura dei segnali
[LOG : Piece -> 0.120000] Piece 7 of player A Started At 23:56:03
[LOG : Piece -> 0.140000] Setup Struttura dei segnali
[LOG : Piece -> 0.091000] Piece 8 of player A Started At 23:56:03
[LOG : Piece -> 0.098000] Setup Struttura dei segnali
[LOG : Piece -> 0.128000] Piece 9 of player A Started At 23:56:03
[LOG : Piece -> 0.152000] Setup Struttura dei segnali
[LOG : Piece -> 0.086000] Piece 10 of player A Started At 23:56:03
[LOG : Piece -> 0.106000] Setup Struttura dei segnali
[LOG : Piece -> 0.080000] Piece 11 of player A Started At 23:56:03
[LOG : Piece -> 0.088000] Setup Struttura dei segnali
[LOG : Piece -> 0.091000] Piece 12 of player A Started At 23:56:03
[LOG : Piece -> 0.106000] Setup Struttura dei segnali
[LOG : Piece -> 0.060000] Piece 13 of player A Started At 23:56:03
[LOG : Piece -> 0.068000] Setup Struttura dei segnali
[LOG : Piece -> 0.062000] Piece 14 of player A Started At 23:56:03
[LOG : Piece -> 0.070000] Setup Struttura dei segnali
[LOG : Piece -> 0.103000] Piece 15 of player A Started At 23:56:03
[LOG : Piece -> 0.125000] Setup Struttura dei segnali
[LOG : Piece -> 0.092000] Piece 16 of player A Started At 23:56:03
[LOG : Piece -> 0.110000] Setup Struttura dei segnali
[LOG : Piece -> 0.072000] Piece 17 of player A Started At 23:56:03
[LOG : Piece -> 0.089000] Setup Struttura dei segnali
[LOG : Piece -> 0.075000] Piece 18 of player A Started At 23:56:03
[LOG : Piece -> 0.094000] Setup Struttura dei segnali
[LOG : Piece -> 0.042000] Piece 19 of player A Started At 23:56:03
[LOG : Piece -> 0.050000] Setup Struttura dei segnali
[LOG : Piece -> 0.100000] Piece 0 of player A Started At 23:58:02
[LOG : Piece -> 0.121000] Setup Struttura dei segnali
[LOG : Piece -> 0.114000] Piece 1 of player A Started At 23:58:02
[LOG : Piece -> 0.133000] Setup Struttura dei segnali
[LOG : Piece -> 0.076000] Piece 2 of player A Started At 23:58:02
[LOG : Piece -> 0.083000] Setup Struttura dei segnali
[LOG : Piece -> 0.130000] Piece 3 of player A Started At 23:58:02
[LOG : Piece -> 0.140000] Setup Struttura dei segnali
[LOG : Piece -> 0.069000] Piece 4 of player A Started At 23:58:02
[LOG : Piece -> 0.074000] Setup Struttura dei segnali
[LOG : Piece -> 0.079000] Piece 5 of player A Started At 23:58:02
[LOG : Piece -> 0.086000] Setup Struttura dei segnali
[LOG : Piece -> 0.081000] Piece 6 of player A Started At 23:58:02
[LOG : Piece -> 0.090000] Setup Struttura dei segnali
[LOG : Piece -> 0.099000] Piece 7 of player A Started At 23:58:02
[LOG : Piece -> 0.119000] Setup Struttura dei segnali
[LOG : Piece -> 0.131000] Piece 8 of player A Started At 23:58:02
[LOG : Piece -> 0.150000] Setup Struttura dei segnali
[LOG : Piece -> 0.111000] Piece 9 of player A Started At 23:58:02
[LOG : Piece -> 0.130000] Setup Struttura dei segnali
[LOG : Piece -> 0.048000] Piece 10 of player A Started At 23:58:02
[LOG : Piece -> 0.053000] Setup Struttura dei segnali
[LOG : Piece -> 0.098000] Piece 11 of player A Started At 23:58:02
[LOG : Piece -> 0.106000] Setup Struttura dei segnali
[LOG : Piece -> 0.104000] Piece 12 of player A Started At 23:58:02
[LOG : Piece -> 0.120000] Setup Struttura dei segnali
[LOG : Piece -> 0.107000] Piece 13 of player A Started At 23:58:02
[LOG : Piece -> 0.132000] Setup Struttura dei segnali
[LOG : Piece -> 0.129000] Piece 14 of player A Started At 23:58:02
[LOG : Piece -> 0.149000] Setup Struttura dei segnali
[LOG : Piece -> 0.101000] Piece 15 of player A Started At 23:58:02
[LOG : Piece -> 0.107000] Setup Struttura dei segnali
[LOG : Piece -> 0.105000] Piece 16 of player A Started At 23:58:02
[LOG : Piece -> 0.125000] Setup Struttura dei segnali
[LOG : Piece -> 0.064000] Piece 17 of player A Started At 23:58:02
[LOG : Piece -> 0.084000] Setup Struttura dei segnali
[LOG : Piece -> 0.116000] Piece 18 of player A Started At 23:58:02
[LOG : Piece -> 0.132000] Setup Struttura dei segnali
[LOG : Piece -> 0.073000] Piece 19 of player A Started At 23:58:02
[LOG : Piece -> 0.091000] Setup Struttura dei segnali
[LOG : Piece -> 0.097000] Piece 0 of player A Started At 23:59:14
[LOG : Piece -> 0.103000] Setup Struttura dei segnali
[LOG : Piece -> 0.092000] Piece 1 of player A Started At 23:59:14
[LOG : Piece -> 0.098000] Setup Struttura dei segnali
[LOG : Piece -> 0.055000] Piece 2 of player A Started At 23:59:14
[LOG : Piece -> 0.060000] Setup Struttura dei segnali
[LOG : Piece -> 0.045000] Piece 3 of player A Started At 23:59:14
[LOG : Piece -> 0.050000] Setup Struttura dei segnali
[LOG : Piece -> 0.060000] Piece 4 of player A Started At 23:59:14
[LOG : Piece -> 0.065000] Setup Struttura dei segnali
[LOG : Piece -> 0.085000] Piece 5 of player A Started At 23:59:14
[LOG : Piece -> 0.092000] Setup Struttura dei segnali
[LOG : Piece -> 0.073000] Piece 6 of player A Started At 23:59:14
[LOG : Piece -> 0.079000] Setup Struttura dei segnali
[LOG : Piece -> 0.081000] Piece 7 of player A Started At 23:59:14
[LOG : Piece -> 0.085000] Setup Struttura dei segnali
[LOG : Piece -> 0.066000] Piece 8 of player A Started At 23:59:14
[LOG : Piece -> 0.071000] Setup Struttura dei segnali
[LOG : Piece -> 0.046000] Piece 9 of player A Started At 23:59:14
[LOG : Piece -> 0.050000] Setup Struttura dei segnali
[LOG : Piece -> 0.059000] Piece 10 of player A Started At 23:59:14
[LOG : Piece -> 0.063000] Setup Struttura dei segnali
[LOG : Piece -> 0.066000] Piece 11 of player A Started At 23:59:14
[LOG : Piece -> 0.074000] Setup Struttura dei segnali
[LOG : Piece -> 0.094000] Piece 12 of player A Started At 23:59:14
[LOG : Piece -> 0.101000] Setup Struttura dei segnali
[LOG : Piece -> 0.049000] Piece 13 of player A Started At 23:59:14
[LOG : Piece -> 0.054000] Setup Struttura dei segnali
[LOG : Piece -> 0.053000] Piece 14 of player A Started At 23:59:14
[LOG : Piece -> 0.058000] Setup Struttura dei segnali
[LOG : Piece -> 0.045000] Piece 15 of player A Started At 23:59:14
[LOG : Piece -> 0.049000] Setup Struttura dei segnali
[LOG : Piece -> 0.081000] Piece 16 of player A Started At 23:59:14
[LOG : Piece -> 0.087000] Setup Struttura dei segnali
[LOG : Piece -> 0.038000] Piece 17 of player A Started At 23:59:14
[LOG : Piece -> 0.042000] Setup Struttura dei segnali
[LOG : Piece -> 0.088000] Piece 18 of player A Started At 23:59:14
[LOG : Piece -> 0.096000] Setup Struttura dei segnali
[LOG : Piece -> 0.039000] Piece 19 of player A Started At 23:59:14
[LOG : Piece -> 0.043000] Setup Struttura dei segnali
[LOG : Piece -> 0.102000] Piece 0 of player A Started At 00:02:44
[LOG : Piece -> 0.123000] Setup Struttura dei segnali
[LOG : Piece -> 0.178000] Piece 1 of player A Started At 00:02:44
[LOG : Piece -> 0.188000] Setup Struttura dei segnali
[LOG : Piece -> 0.116000] Piece 2 of player A Started At 00:02:44
[LOG : Piece -> 0.132000] Setup Struttura dei segnali
[LOG : Piece -> 0.142000] Piece 3 of player A Started At 00:02:44
[LOG : Piece -> 0.150000] Setup Struttura dei segnali
[LOG : Piece -> 0.108000] Piece 4 of player A Started At 00:02:44
[LOG : Piece -> 0.118000] Setup Struttura dei segnali
[LOG : Piece -> 0.086000] Piece 5 of player A Started At 00:02:44
[LOG : Piece -> 0.105000] Setup Struttura dei segnali
[LOG : Piece -> 0.096000] Piece 6 of player A Started At 00:02:44
[LOG : Piece -> 0.117000] Setup Struttura dei segnali
[LOG : Piece -> 0.068000] Piece 7 of player A Started At 00:02:44
[LOG : Piece -> 0.088000] Setup Struttura dei segnali
[LOG : Piece -> 0.112000] Piece 8 of player A Started At 00:02:44
[LOG : Piece -> 0.166000] Setup Struttura dei segnali
[LOG : Piece -> 0.102000] Piece 9 of player A Started At 00:02:44
[LOG : Piece -> 0.131000] Setup Struttura dei segnali
[LOG : Piece -> 0.080000] Piece 10 of player A Started At 00:02:44
[LOG : Piece -> 0.087000] Setup Struttura dei segnali
[LOG : Piece -> 0.057000] Piece 11 of player A Started At 00:02:44
[LOG : Piece -> 0.064000] Setup Struttura dei segnali
[LOG : Piece -> 0.117000] Piece 12 of player A Started At 00:02:44
[LOG : Piece -> 0.124000] Setup Struttura dei segnali
[LOG : Piece -> 0.074000] Piece 13 of player A Started At 00:02:44
[LOG : Piece -> 0.092000] Setup Struttura dei segnali
[LOG : Piece -> 0.045000] Piece 14 of player A Started At 00:02:44
[LOG : Piece -> 0.064000] Setup Struttura dei segnali
[LOG : Piece -> 0.061000] Piece 15 of player A Started At 00:02:44
[LOG : Piece -> 0.079000] Setup Struttura dei segnali
[LOG : Piece -> 0.069000] Piece 16 of player A Started At 00:02:44
[LOG : Piece -> 0.089000] Setup Struttura dei segnali
[LOG : Piece -> 0.049000] Piece 17 of player A Started At 00:02:44
[LOG : Piece -> 0.056000] Setup Struttura dei segnali
[LOG : Piece -> 0.074000] Piece 18 of player A Started At 00:02:44
[LOG : Piece -> 0.090000] Setup Struttura dei segnali
[LOG : Piece -> 0.057000] Piece 19 of player A Started At 00:02:44
[LOG : Piece -> 0.074000] Setup Struttura dei segnali
[LOG : Piece -> 0.134000] Piece 0 of player A Started At 00:02:44
[LOG : Piece -> 0.143000] Setup Struttura dei segnali
[LOG : Piece -> 0.117000] Piece 1 of player A Started At 00:02:44
[LOG : Piece -> 0.124000] Setup Struttura dei segnali
[LOG : Piece -> 0.086000] Piece 2 of player A Started At 00:02:44
[LOG : Piece -> 0.093000] Setup Struttura dei segnali
[LOG : Piece -> 0.104000] Piece 3 of player A Started At 00:02:44
[LOG : Piece -> 0.171000] Setup Struttura dei segnali
[LOG : Piece -> 0.125000] Piece 4 of player A Started At 00:02:44
[LOG : Piece -> 0.141000] Setup Struttura dei segnali
[LOG : Piece -> 0.088000] Piece 5 of player A Started At 00:02:44
[LOG : Piece -> 0.108000] Setup Struttura dei segnali
[LOG : Piece -> 0.100000] Piece 6 of player A Started At 00:02:44
[LOG : Piece -> 0.118000] Setup Struttura dei segnali
[LOG : Piece -> 0.105000] Piece 7 of player A Started At 00:02:44
[LOG : Piece -> 0.123000] Setup Struttura dei segnali
[LOG : Piece -> 0.082000] Piece 8 of player A Started At 00:02:44
[LOG : Piece -> 0.102000] Setup Struttura dei segnali
[LOG : Piece -> 0.106000] Piece 9 of player A Started At 00:02:44
[LOG : Piece -> 0.125000] Setup Struttura dei segnali
[LOG : Piece -> 0.056000] Piece 10 of player A Started At 00:02:44
[LOG : Piece -> 0.075000] Setup Struttura dei segnali
[LOG : Piece -> 0.111000] Piece 11 of player A Started At 00:02:44
[LOG : Piece -> 0.145000] Setup Struttura dei segnali
[LOG : Piece -> 0.087000] Piece 12 of player A Started At 00:02:44
[LOG : Piece -> 0.107000] Setup Struttura dei segnali
[LOG : Piece -> 0.079000] Piece 13 of player A Started At 00:02:44
[LOG : Piece -> 0.100000] Setup Struttura dei segnali
[LOG : Piece -> 0.045000] Piece 14 of player A Started At 00:02:44
[LOG : Piece -> 0.053000] Setup Struttura dei segnali
[LOG : Piece -> 0.048000] Piece 15 of player A Started At 00:02:44
[LOG : Piece -> 0.069000] Setup Struttura dei segnali
[LOG : Piece -> 0.068000] Piece 16 of player A Started At 00:02:44
[LOG : Piece -> 0.077000] Setup Struttura dei segnali
[LOG : Piece -> 0.051000] Piece 17 of player A Started At 00:02:44
[LOG : Piece -> 0.058000] Setup Struttura dei segnali
[LOG : Piece -> 0.060000] Piece 18 of player A Started At 00:02:44
[LOG : Piece -> 0.078000] Setup Struttura dei segnali
[LOG : Piece -> 0.059000] Piece 19 of player A Started At 00:02:44
[LOG : Piece -> 0.067000] Setup Struttura dei segnali
[LOG : Piece -> 0.111000] Piece 0 of player A Started At 00:02:44
[LOG : Piece -> 0.133000] Setup Struttura dei segnali
[LOG : Piece -> 0.095000] Piece 1 of player A Started At 00:02:44
[LOG : Piece -> 0.109000] Setup Struttura dei segnali
[LOG : Piece -> 0.105000] Piece 2 of player A Started At 00:02:44
[LOG : Piece -> 0.127000] Setup Struttura dei segnali
[LOG : Piece -> 0.120000] Piece 3 of player A Started At 00:02:44
[LOG : Piece -> 0.129000] Setup Struttura dei segnali
[LOG : Piece -> 0.091000] Piece 4 of player A Started At 00:02:44
[LOG : Piece -> 0.111000] Setup Struttura dei segnali
[LOG : Piece -> 0.089000] Piece 5 of player A Started At 00:02:44
[LOG : Piece -> 0.111000] Setup Struttura dei segnali
[LOG : Piece -> 0.119000] Piece 6 of player A Started At 00:02:44
[LOG : Piece -> 0.141000] Setup Struttura dei segnali
[LOG : Piece -> 0.112000] Piece 7 of player A Started At 00:02:44
[LOG : Piece -> 0.132000] Setup Struttura dei segnali
[LOG : Piece -> 0.119000] Piece 8 of player A Started At 00:02:44
[LOG : Piece -> 0.140000] Setup Struttura dei segnali
[LOG : Piece -> 0.106000] Piece 9 of player A Started At 00:02:44
[LOG : Piece -> 0.116000] Setup Struttura dei segnali
[LOG : Piece -> 0.081000] Piece 10 of player A Started At 00:02:44
[LOG : Piece -> 0.090000] Setup Struttura dei segnali
[LOG : Piece -> 0.065000] Piece 11 of player A Started At 00:02:44
[LOG : Piece -> 0.073000] Setup Struttura dei segnali
[LOG : Piece -> 0.111000] Piece 12 of player A Started At 00:02:44
[LOG : Piece -> 0.119000] Setup Struttura dei segnali
[LOG : Piece -> 0.113000] Piece 13 of player A Started At 00:02:44
[LOG : Piece -> 0.138000] Setup Struttura dei segnali
[LOG : Piece -> 0.114000] Piece 14 of player A Started At 00:02:44
[LOG : Piece -> 0.133000] Setup Struttura dei segnali
[LOG : Piece -> 0.061000] Piece 15 of player A Started At 00:02:44
[LOG : Piece -> 0.070000] Setup Struttura dei segnali
[LOG : Piece -> 0.097000] Piece 16 of player A Started At 00:02:44
[LOG : Piece -> 0.105000] Setup Struttura dei segnali
[LOG : Piece -> 0.119000] Piece 17 of player A Started At 00:02:44
[LOG : Piece -> 0.128000] Setup Struttura dei segnali
[LOG : Piece -> 0.109000] Piece 18 of player A Started At 00:02:44
[LOG : Piece -> 0.116000] Setup Struttura dei segnali
[LOG : Piece -> 0.100000] Piece 19 of player A Started At 00:02:44
[LOG : Piece -> 0.120000] Setup Struttura dei segnali
[LOG : Piece -> 0.087000] Piece 0 of player A Started At 00:02:44
[LOG : Piece -> 0.108000] Setup Struttura dei segnali
[LOG : Piece -> 0.162000] Piece 1 of player A Started At 00:02:44
[LOG : Piece -> 0.180000] Setup Struttura dei segnali
[LOG : Piece -> 0.103000] Piece 2 of player A Started At 00:02:44
[LOG : Piece -> 0.110000] Setup Struttura dei segnali
[LOG : Piece -> 0.089000] Piece 3 of player A Started At 00:02:44
[LOG : Piece -> 0.109000] Setup Struttura dei segnali
[LOG : Piece -> 0.160000] Piece 4 of player A Started At 00:02:44
[LOG : Piece -> 0.170000] Setup Struttura dei segnali
[LOG : Piece -> 0.073000] Piece 5 of player A Started At 00:02:44
[LOG : Piece -> 0.079000] Setup Struttura dei segnali
[LOG : Piece -> 0.084000] Piece 6 of player A Started At 00:02:44
[LOG : Piece -> 0.103000] Setup Struttura dei segnali
[LOG : Piece -> 0.082000] Piece 7 of player A Started At 00:02:44
[LOG : Piece -> 0.103000] Setup Struttura dei segnali
[LOG : Piece -> 0.088000] Piece 8 of player A Started At 00:02:44
[LOG : Piece -> 0.112000] Setup Struttura dei segnali
[LOG : Piece -> 0.114000] Piece 9 of player A Started At 00:02:44
[LOG : Piece -> 0.134000] Setup Struttura dei segnali
[LOG : Piece -> 0.063000] Piece 10 of player A Started At 00:02:44
[LOG : Piece -> 0.069000] Setup Struttura dei segnali
[LOG : Piece -> 0.127000] Piece 11 of player A Started At 00:02:44
[LOG : Piece -> 0.137000] Setup Struttura dei segnali
[LOG : Piece -> 0.083000] Piece 12 of player A Started At 00:02:44
[LOG : Piece -> 0.107000] Setup Struttura dei segnali
[LOG : Piece -> 0.063000] Piece 13 of player A Started At 00:02:44
[LOG : Piece -> 0.084000] Setup Struttura dei segnali
[LOG : Piece -> 0.072000] Piece 14 of player A Started At 00:02:44
[LOG : Piece -> 0.093000] Setup Struttura dei segnali
[LOG : Piece -> 0.090000] Piece 15 of player A Started At 00:02:44
[LOG : Piece -> 0.111000] Setup Struttura dei segnali
[LOG : Piece -> 0.069000] Piece 16 of player A Started At 00:02:44
[LOG : Piece -> 0.089000] Setup Struttura dei segnali
[LOG : Piece -> 0.096000] Piece 17 of player A Started At 00:02:44
[LOG : Piece -> 0.113000] Setup Struttura dei segnali
[LOG : Piece -> 0.062000] Piece 18 of player A Started At 00:02:44
[LOG : Piece -> 0.091000] Setup Struttura dei segnali
[LOG : Piece -> 0.069000] Piece 19 of player A Started At 00:02:44
[LOG : Piece -> 0.075000] Setup Struttura dei segnali
[LOG : Piece -> 0.083000] Piece 0 of player C Started At 00:06:02
[LOG : Piece -> 0.091000] Setup Struttura dei segnali
[LOG : Piece -> 0.126000] cleaning and go
[LOG : Piece -> 0.066000] Piece 0 of player D Started At 00:06:02
[LOG : Piece -> 0.073000] Setup Struttura dei segnali
[LOG : Piece -> 0.112000] cleaning and go
[LOG : Piece -> 0.060000] Piece 1 of player C Started At 00:06:02
[LOG : Piece -> 0.066000] Setup Struttura dei segnali
[LOG : Piece -> 0.084000] cleaning and go
[LOG : Piece -> 0.067000] Piece 1 of player D Started At 00:06:02
[LOG : Piece -> 0.072000] Setup Struttura dei segnali
[LOG : Piece -> 0.092000] cleaning and go
[LOG : Piece -> 0.072000] Piece 2 of player D Started At 00:06:02
[LOG : Piece -> 0.078000] Setup Struttura dei segnali
[LOG : Piece -> 0.098000] cleaning and go
[LOG : Piece -> 0.059000] Piece 3 of player D Started At 00:06:02
[LOG : Piece -> 0.066000] Setup Struttura dei segnali
[LOG : Piece -> 0.080000] cleaning and go
[LOG : Piece -> 0.091000] Piece 4 of player D Started At 00:06:02
[LOG : Piece -> 0.097000] Setup Struttura dei segnali
[LOG : Piece -> 0.118000] cleaning and go
[LOG : Piece -> 0.098000] Piece 5 of player D Started At 00:06:02
[LOG : Piece -> 0.103000] Setup Struttura dei segnali
[LOG : Piece -> 0.117000] cleaning and go
[LOG : Piece -> 0.075000] Piece 6 of player D Started At 00:06:02
[LOG : Piece -> 0.085000] Setup Struttura dei segnali
[LOG : Piece -> 0.119000] cleaning and go
[LOG : Piece -> 0.087000] Piece 7 of player D Started At 00:06:02
[LOG : Piece -> 0.106000] Setup Struttura dei segnali
[LOG : Piece -> 0.126000] cleaning and go
[LOG : Piece -> 0.099000] Piece 8 of player D Started At 00:06:02
[LOG : Piece -> 0.121000] Setup Struttura dei segnali
[LOG : Piece -> 0.140000] cleaning and go
[LOG : Piece -> 0.096000] Piece 2 of player C Started At 00:06:02
[LOG : Piece -> 0.103000] Setup Struttura dei segnali
[LOG : Piece -> 0.134000] cleaning and go
[LOG : Piece -> 0.069000] Piece 9 of player D Started At 00:06:02
[LOG : Piece -> 0.077000] Setup Struttura dei segnali
[LOG : Piece -> 0.091000] cleaning and go
[LOG : Piece -> 0.081000] Piece 3 of player C Started At 00:06:02
[LOG : Piece -> 0.102000] Setup Struttura dei segnali
[LOG : Piece -> 0.123000] cleaning and go
[LOG : Piece -> 0.061000] Piece 10 of player D Started At 00:06:02
[LOG : Piece -> 0.082000] Setup Struttura dei segnali
[LOG : Piece -> 0.111000] cleaning and go
[LOG : Piece -> 0.073000] Piece 11 of player D Started At 00:06:02
[LOG : Piece -> 0.079000] Setup Struttura dei segnali
[LOG : Piece -> 0.119000] cleaning and go
[LOG : Piece -> 0.090000] Piece 4 of player C Started At 00:06:02
[LOG : Piece -> 0.100000] Setup Struttura dei segnali
[LOG : Piece -> 0.120000] cleaning and go
[LOG : Piece -> 0.079000] Piece 12 of player D Started At 00:06:02
[LOG : Piece -> 0.085000] Setup Struttura dei segnali
[LOG : Piece -> 0.101000] cleaning and go
[LOG : Piece -> 0.065000] Piece 13 of player D Started At 00:06:02
[LOG : Piece -> 0.086000] Setup Struttura dei segnali
[LOG : Piece -> 0.103000] cleaning and go
[LOG : Piece -> 0.077000] Piece 5 of player C Started At 00:06:02
[LOG : Piece -> 0.083000] Setup Struttura dei segnali
[LOG : Piece -> 0.134000] cleaning and go
[LOG : Piece -> 0.072000] Piece 14 of player D Started At 00:06:02
[LOG : Piece -> 0.079000] Setup Struttura dei segnali
[LOG : Piece -> 0.093000] cleaning and go
[LOG : Piece -> 0.060000] Piece 6 of player C Started At 00:06:02
[LOG : Piece -> 0.066000] Setup Struttura dei segnali
[LOG : Piece -> 0.099000] cleaning and go
[LOG : Piece -> 0.052000] Piece 15 of player D Started At 00:06:02
[LOG : Piece -> 0.057000] Setup Struttura dei segnali
[LOG : Piece -> 0.071000] cleaning and go
[LOG : Piece -> 0.053000] Piece 16 of player D Started At 00:06:02
[LOG : Piece -> 0.077000] Setup Struttura dei segnali
[LOG : Piece -> 0.097000] cleaning and go
[LOG : Piece -> 0.057000] Piece 17 of player D Started At 00:06:02
[LOG : Piece -> 0.070000] Setup Struttura dei segnali
[LOG : Piece -> 0.085000] cleaning and go
[LOG : Piece -> 0.094000] Piece 18 of player D Started At 00:06:02
[LOG : Piece -> 0.115000] Setup Struttura dei segnali
[LOG : Piece -> 0.134000] cleaning and go
[LOG : Piece -> 0.056000] Piece 19 of player D Started At 00:06:02
[LOG : Piece -> 0.061000] Setup Struttura dei segnali
[LOG : Piece -> 0.075000] cleaning and go
[LOG : Piece -> 0.093000] Piece 7 of player C Started At 00:06:02
[LOG : Piece -> 0.142000] Setup Struttura dei segnali
[LOG : Piece -> 0.169000] cleaning and go
[LOG : Piece -> 0.059000] Piece 8 of player C Started At 00:06:02
[LOG : Piece -> 0.075000] Setup Struttura dei segnali
[LOG : Piece -> 0.097000] cleaning and go
[LOG : Piece -> 0.088000] Piece 9 of player C Started At 00:06:02
[LOG : Piece -> 0.093000] Setup Struttura dei segnali
[LOG : Piece -> 0.110000] cleaning and go
[LOG : Piece -> 0.087000] Piece 10 of player C Started At 00:06:02
[LOG : Piece -> 0.106000] Setup Struttura dei segnali
[LOG : Piece -> 0.127000] cleaning and go
[LOG : Piece -> 0.063000] Piece 11 of player C Started At 00:06:02
[LOG : Piece -> 0.071000] Setup Struttura dei segnali
[LOG : Piece -> 0.085000] cleaning and go
[LOG : Piece -> 0.083000] Piece 12 of player C Started At 00:06:02
[LOG : Piece -> 0.090000] Setup Struttura dei segnali
[LOG : Piece -> 0.105000] cleaning and go
[LOG : Piece -> 0.068000] Piece 13 of player C Started At 00:06:02
[LOG : Piece -> 0.087000] Setup Struttura dei segnali
[LOG : Piece -> 0.117000] cleaning and go
[LOG : Piece -> 0.062000] Piece 14 of player C Started At 00:06:02
[LOG : Piece -> 0.079000] Setup Struttura dei segnali
[LOG : Piece -> 0.094000] cleaning and go
[LOG : Piece -> 0.119000] Piece 15 of player C Started At 00:06:02
[LOG : Piece -> 0.127000] Setup Struttura dei segnali
[LOG : Piece -> 0.146000] cleaning and go
[LOG : Piece -> 0.057000] Piece 16 of player C Started At 00:06:02
[LOG : Piece -> 0.062000] Setup Struttura dei segnali
[LOG : Piece -> 0.076000] cleaning and go
[LOG : Piece -> 0.066000] Piece 17 of player C Started At 00:06:02
[LOG : Piece -> 0.072000] Setup Struttura dei segnali
[LOG : Piece -> 0.085000] cleaning and go
[LOG : Piece -> 0.063000] Piece 18 of player C Started At 00:06:02
[LOG : Piece -> 0.068000] Setup Struttura dei segnali
[LOG : Piece -> 0.082000] cleaning and go
[LOG : Piece -> 0.083000] Piece 19 of player C Started At 00:06:02
[LOG : Piece -> 0.089000] Setup Struttura dei segnali
[LOG : Piece -> 0.104000] cleaning and go
