[LOG : Player -> 0.269000] Player Started At 11:57:15
[LOG : Player -> 0.354000] Tabella semafori iniziata
[LOG : Player -> 0.381000] Setup Struttura dei segnali
[LOG : Player -> 0.392000] Generazione pezzi iniziata
[LOG : Player -> 0.596000] Generato pezzo 0 Attesa
[LOG : Player -> 0.818000] Generato pezzo 1 Attesa
[LOG : Player -> 1.053000] Generato pezzo 2 Attesa
[LOG : Player -> 1.274000] Generato pezzo 3 Attesa
[LOG : Player -> 1.523000] Generato pezzo 4 Attesa
[LOG : Player -> 1.766000] Generato pezzo 5 Attesa
[LOG : Player -> 1.998000] Generato pezzo 6 Attesa
[LOG : Player -> 2.219000] Generato pezzo 7 Attesa
[LOG : Player -> 2.397000] Generato pezzo 8 Attesa
[LOG : Player -> 2.628000] Generato pezzo 9 Attesa
[LOG : Player -> 2.860000] Generato pezzo 10 Attesa
[LOG : Player -> 3.123000] Generato pezzo 11 Attesa
[LOG : Player -> 3.337000] Generato pezzo 12 Attesa
[LOG : Player -> 3.631000] Generato pezzo 13 Attesa
[LOG : Player -> 3.786000] Generato pezzo 14 Attesa
[LOG : Player -> 3.862000] Generato pezzo 15 Attesa
[LOG : Player -> 3.932000] Generato pezzo 16 Attesa
[LOG : Player -> 3.997000] Generato pezzo 17 Attesa
[LOG : Player -> 4.211000] Generato pezzo 18 Attesa
[LOG : Player -> 4.406000] Generato pezzo 19 Attesa
[LOG : Player -> 0.088000] Player Started At 11:59:50
[LOG : Player -> 0.123000] Tabella semafori iniziata
[LOG : Player -> 0.138000] Setup Struttura dei segnali
[LOG : Player -> 0.148000] Generazione pezzi iniziata
[LOG : Player -> 0.418000] Generato pezzo 0 Attesa
[LOG : Player -> 0.643000] Generato pezzo 1 Attesa
[LOG : Player -> 0.877000] Generato pezzo 2 Attesa
[LOG : Player -> 0.989000] Generato pezzo 3 Attesa
[LOG : Player -> 1.187000] Generato pezzo 4 Attesa
[LOG : Player -> 1.415000] Generato pezzo 5 Attesa
[LOG : Player -> 1.586000] Generato pezzo 6 Attesa
[LOG : Player -> 1.787000] Generato pezzo 7 Attesa
[LOG : Player -> 1.985000] Generato pezzo 8 Attesa
[LOG : Player -> 2.158000] Generato pezzo 9 Attesa
[LOG : Player -> 2.226000] Generato pezzo 10 Attesa
[LOG : Player -> 2.287000] Generato pezzo 11 Attesa
[LOG : Player -> 2.376000] Generato pezzo 12 Attesa
[LOG : Player -> 2.437000] Generato pezzo 13 Attesa
[LOG : Player -> 2.492000] Generato pezzo 14 Attesa
[LOG : Player -> 2.546000] Generato pezzo 15 Attesa
[LOG : Player -> 2.611000] Generato pezzo 16 Attesa
[LOG : Player -> 2.667000] Generato pezzo 17 Attesa
[LOG : Player -> 2.725000] Generato pezzo 18 Attesa
[LOG : Player -> 2.781000] Generato pezzo 19 Attesa
