[LOG : 0.158000] Player Started At 07:18:11
[LOG : 0.181000] Setup Struttura dei segnali
[LOG : 0.187000] Generazione pezzi iniziata
[DEBUG]: Msgqueque creata
[LOG : 0.158000] Player Started At 07:18:11
[LOG : 0.181000] Setup Struttura dei segnali
[LOG : 0.187000] Generazione pezzi iniziata
[DEBUG]: Msgqueque creata
[LOG : 0.275000] Generato pezzo 0 Attesa
[LOG : 0.347000] Generato pezzo 1 Attesa
[LOG : 0.158000] Player Started At 07:18:11
[LOG : 0.181000] Setup Struttura dei segnali
[LOG : 0.187000] Generazione pezzi iniziata
[DEBUG]: Msgqueque creata
[LOG : 0.275000] Generato pezzo 0 Attesa
[LOG : 0.158000] Player Started At 07:18:11
[LOG : 0.181000] Setup Struttura dei segnali
[LOG : 0.187000] Generazione pezzi iniziata
[DEBUG]: Msgqueque creata
[LOG : 0.275000] Generato pezzo 0 Attesa
[LOG : 0.347000] Generato pezzo 1 Attesa
[LOG : 0.422000] Generato pezzo 2 Attesa
[LOG : 0.158000] Player Started At 07:18:11
[LOG : 0.181000] Setup Struttura dei segnali
[LOG : 0.187000] Generazione pezzi iniziata
[DEBUG]: Msgqueque creata
[LOG : 0.275000] Generato pezzo 0 Attesa
[LOG : 0.347000] Generato pezzo 1 Attesa
[LOG : 0.422000] Generato pezzo 2 Attesa
[LOG : 0.495000] Generato pezzo 3 Attesa
[LOG : 0.575000] Generato pezzo 4 Attesa
[LOG : 0.158000] Player Started At 07:18:11
[LOG : 0.181000] Setup Struttura dei segnali
[LOG : 0.187000] Generazione pezzi iniziata
[DEBUG]: Msgqueque creata
[LOG : 0.275000] Generato pezzo 0 Attesa
[LOG : 0.347000] Generato pezzo 1 Attesa
[LOG : 0.422000] Generato pezzo 2 Attesa
[LOG : 0.495000] Generato pezzo 3 Attesa
[LOG : 0.575000] Generato pezzo 4 Attesa
[LOG : 0.639000] Generato pezzo 5 Attesa
[LOG : 0.158000] Player Started At 07:18:11
[LOG : 0.181000] Setup Struttura dei segnali
[LOG : 0.187000] Generazione pezzi iniziata
[DEBUG]: Msgqueque creata
[LOG : 0.275000] Generato pezzo 0 Attesa
[LOG : 0.347000] Generato pezzo 1 Attesa
[LOG : 0.422000] Generato pezzo 2 Attesa
[LOG : 0.495000] Generato pezzo 3 Attesa
[LOG : 0.158000] Player Started At 07:18:11
[LOG : 0.181000] Setup Struttura dei segnali
[LOG : 0.187000] Generazione pezzi iniziata
[DEBUG]: Msgqueque creata
[LOG : 0.275000] Generato pezzo 0 Attesa
[LOG : 0.347000] Generato pezzo 1 Attesa
[LOG : 0.422000] Generato pezzo 2 Attesa
[LOG : 0.495000] Generato pezzo 3 Attesa
[LOG : 0.575000] Generato pezzo 4 Attesa
[LOG : 0.639000] Generato pezzo 5 Attesa
[LOG : 0.711000] Generato pezzo 6 Attesa
[LOG : 0.792000] Generato pezzo 7 Attesa
[LOG : 0.850000] Generato pezzo 8 Attesa
[LOG : 0.913000] Generato pezzo 9 Attesa
[LOG : 0.923000] PLAYER_CLEANER:Interruzione esecuzione in corso
[LOG : 0.158000] Player Started At 07:18:11
[LOG : 0.181000] Setup Struttura dei segnali
[LOG : 0.187000] Generazione pezzi iniziata
[DEBUG]: Msgqueque creata
[LOG : 0.275000] Generato pezzo 0 Attesa
[LOG : 0.347000] Generato pezzo 1 Attesa
[LOG : 0.422000] Generato pezzo 2 Attesa
[LOG : 0.495000] Generato pezzo 3 Attesa
[LOG : 0.575000] Generato pezzo 4 Attesa
[LOG : 0.639000] Generato pezzo 5 Attesa
[LOG : 0.711000] Generato pezzo 6 Attesa
[LOG : 0.792000] Generato pezzo 7 Attesa
[LOG : 0.158000] Player Started At 07:18:11
[LOG : 0.181000] Setup Struttura dei segnali
[LOG : 0.187000] Generazione pezzi iniziata
[DEBUG]: Msgqueque creata
[LOG : 0.275000] Generato pezzo 0 Attesa
[LOG : 0.347000] Generato pezzo 1 Attesa
[LOG : 0.422000] Generato pezzo 2 Attesa
[LOG : 0.495000] Generato pezzo 3 Attesa
[LOG : 0.575000] Generato pezzo 4 Attesa
[LOG : 0.639000] Generato pezzo 5 Attesa
[LOG : 0.711000] Generato pezzo 6 Attesa
[LOG : 0.792000] Generato pezzo 7 Attesa
[LOG : 0.850000] Generato pezzo 8 Attesa
[LOG : 0.158000] Player Started At 07:18:11
[LOG : 0.181000] Setup Struttura dei segnali
[LOG : 0.187000] Generazione pezzi iniziata
[DEBUG]: Msgqueque creata
[LOG : 0.275000] Generato pezzo 0 Attesa
[LOG : 0.347000] Generato pezzo 1 Attesa
[LOG : 0.422000] Generato pezzo 2 Attesa
[LOG : 0.495000] Generato pezzo 3 Attesa
[LOG : 0.575000] Generato pezzo 4 Attesa
[LOG : 0.639000] Generato pezzo 5 Attesa
[LOG : 0.711000] Generato pezzo 6 Attesa
[LOG : 0.180000] Player Started At 07:27:29
[LOG : 0.207000] Setup Struttura dei segnali
[LOG : 0.213000] Generazione pezzi iniziata
[DEBUG]: Msgqueque creata
[LOG : 0.180000] Player Started At 07:27:29
[LOG : 0.207000] Setup Struttura dei segnali
[LOG : 0.213000] Generazione pezzi iniziata
[DEBUG]: Msgqueque creata
[LOG : 0.294000] Generato pezzo 0 Attesa
[LOG : 0.180000] Player Started At 07:27:29
[LOG : 0.207000] Setup Struttura dei segnali
[LOG : 0.213000] Generazione pezzi iniziata
[DEBUG]: Msgqueque creata
[LOG : 0.294000] Generato pezzo 0 Attesa
[LOG : 0.390000] Generato pezzo 1 Attesa
[LOG : 0.180000] Player Started At 07:27:29
[LOG : 0.207000] Setup Struttura dei segnali
[LOG : 0.213000] Generazione pezzi iniziata
[DEBUG]: Msgqueque creata
[LOG : 0.294000] Generato pezzo 0 Attesa
[LOG : 0.390000] Generato pezzo 1 Attesa
[LOG : 0.487000] Generato pezzo 2 Attesa
[LOG : 0.180000] Player Started At 07:27:29
[LOG : 0.207000] Setup Struttura dei segnali
[LOG : 0.213000] Generazione pezzi iniziata
[DEBUG]: Msgqueque creata
[LOG : 0.294000] Generato pezzo 0 Attesa
[LOG : 0.390000] Generato pezzo 1 Attesa
[LOG : 0.487000] Generato pezzo 2 Attesa
[LOG : 0.588000] Generato pezzo 3 Attesa
[LOG : 0.180000] Player Started At 07:27:29
[LOG : 0.207000] Setup Struttura dei segnali
[LOG : 0.213000] Generazione pezzi iniziata
[DEBUG]: Msgqueque creata
[LOG : 0.294000] Generato pezzo 0 Attesa
[LOG : 0.390000] Generato pezzo 1 Attesa
[LOG : 0.487000] Generato pezzo 2 Attesa
[LOG : 0.588000] Generato pezzo 3 Attesa
[LOG : 0.705000] Generato pezzo 4 Attesa
[LOG : 0.799000] Generato pezzo 5 Attesa
[LOG : 0.897000] Generato pezzo 6 Attesa
[LOG : 0.180000] Player Started At 07:27:29
[LOG : 0.207000] Setup Struttura dei segnali
[LOG : 0.213000] Generazione pezzi iniziata
[DEBUG]: Msgqueque creata
[LOG : 0.294000] Generato pezzo 0 Attesa
[LOG : 0.390000] Generato pezzo 1 Attesa
[LOG : 0.487000] Generato pezzo 2 Attesa
[LOG : 0.588000] Generato pezzo 3 Attesa
[LOG : 0.705000] Generato pezzo 4 Attesa
[LOG : 0.799000] Generato pezzo 5 Attesa
[LOG : 0.897000] Generato pezzo 6 Attesa
[LOG : 1.002000] Generato pezzo 7 Attesa
[LOG : 1.081000] Generato pezzo 8 Attesa
[LOG : 1.139000] Generato pezzo 9 Attesa
[LOG : 1.152000] PLAYER_CLEANER:Interruzione esecuzione in corso
[LOG : 0.180000] Player Started At 07:27:29
[LOG : 0.207000] Setup Struttura dei segnali
[LOG : 0.213000] Generazione pezzi iniziata
[DEBUG]: Msgqueque creata
[LOG : 0.294000] Generato pezzo 0 Attesa
[LOG : 0.390000] Generato pezzo 1 Attesa
[LOG : 0.487000] Generato pezzo 2 Attesa
[LOG : 0.588000] Generato pezzo 3 Attesa
[LOG : 0.705000] Generato pezzo 4 Attesa
[LOG : 0.799000] Generato pezzo 5 Attesa
[LOG : 0.180000] Player Started At 07:27:29
[LOG : 0.207000] Setup Struttura dei segnali
[LOG : 0.213000] Generazione pezzi iniziata
[DEBUG]: Msgqueque creata
[LOG : 0.294000] Generato pezzo 0 Attesa
[LOG : 0.390000] Generato pezzo 1 Attesa
[LOG : 0.487000] Generato pezzo 2 Attesa
[LOG : 0.588000] Generato pezzo 3 Attesa
[LOG : 0.705000] Generato pezzo 4 Attesa
[LOG : 0.799000] Generato pezzo 5 Attesa
[LOG : 0.897000] Generato pezzo 6 Attesa
[LOG : 1.002000] Generato pezzo 7 Attesa
[LOG : 1.081000] Generato pezzo 8 Attesa
[LOG : 0.180000] Player Started At 07:27:29
[LOG : 0.207000] Setup Struttura dei segnali
[LOG : 0.213000] Generazione pezzi iniziata
[DEBUG]: Msgqueque creata
[LOG : 0.294000] Generato pezzo 0 Attesa
[LOG : 0.390000] Generato pezzo 1 Attesa
[LOG : 0.487000] Generato pezzo 2 Attesa
[LOG : 0.588000] Generato pezzo 3 Attesa
[LOG : 0.705000] Generato pezzo 4 Attesa
[LOG : 0.799000] Generato pezzo 5 Attesa
[LOG : 0.897000] Generato pezzo 6 Attesa
[LOG : 1.002000] Generato pezzo 7 Attesa
[LOG : 0.180000] Player Started At 07:27:29
[LOG : 0.207000] Setup Struttura dei segnali
[LOG : 0.213000] Generazione pezzi iniziata
[DEBUG]: Msgqueque creata
[LOG : 0.294000] Generato pezzo 0 Attesa
[LOG : 0.390000] Generato pezzo 1 Attesa
[LOG : 0.487000] Generato pezzo 2 Attesa
[LOG : 0.588000] Generato pezzo 3 Attesa
[LOG : 0.705000] Generato pezzo 4 Attesa
[LOG : 0.064000] Player Started At 07:27:29
[LOG : 0.100000] Setup Struttura dei segnali
[LOG : 0.106000] Generazione pezzi iniziata
[DEBUG]: Msgqueque creata
[LOG : 0.064000] Player Started At 07:27:29
[LOG : 0.100000] Setup Struttura dei segnali
[LOG : 0.106000] Generazione pezzi iniziata
[DEBUG]: Msgqueque creata
[LOG : 0.173000] Generato pezzo 0 Attesa
[LOG : 0.276000] Generato pezzo 1 Attesa
[LOG : 0.064000] Player Started At 07:27:29
[LOG : 0.100000] Setup Struttura dei segnali
[LOG : 0.106000] Generazione pezzi iniziata
[DEBUG]: Msgqueque creata
[LOG : 0.173000] Generato pezzo 0 Attesa
[LOG : 0.064000] Player Started At 07:27:29
[LOG : 0.100000] Setup Struttura dei segnali
[LOG : 0.106000] Generazione pezzi iniziata
[DEBUG]: Msgqueque creata
[LOG : 0.173000] Generato pezzo 0 Attesa
[LOG : 0.276000] Generato pezzo 1 Attesa
[LOG : 0.350000] Generato pezzo 2 Attesa
[LOG : 0.064000] Player Started At 07:27:29
[LOG : 0.100000] Setup Struttura dei segnali
[LOG : 0.106000] Generazione pezzi iniziata
[DEBUG]: Msgqueque creata
[LOG : 0.173000] Generato pezzo 0 Attesa
[LOG : 0.276000] Generato pezzo 1 Attesa
[LOG : 0.350000] Generato pezzo 2 Attesa
[LOG : 0.418000] Generato pezzo 3 Attesa
[LOG : 0.483000] Generato pezzo 4 Attesa
[LOG : 0.064000] Player Started At 07:27:29
[LOG : 0.100000] Setup Struttura dei segnali
[LOG : 0.106000] Generazione pezzi iniziata
[DEBUG]: Msgqueque creata
[LOG : 0.173000] Generato pezzo 0 Attesa
[LOG : 0.276000] Generato pezzo 1 Attesa
[LOG : 0.350000] Generato pezzo 2 Attesa
[LOG : 0.418000] Generato pezzo 3 Attesa
[LOG : 0.483000] Generato pezzo 4 Attesa
[LOG : 0.548000] Generato pezzo 5 Attesa
[LOG : 0.064000] Player Started At 07:27:29
[LOG : 0.100000] Setup Struttura dei segnali
[LOG : 0.106000] Generazione pezzi iniziata
[DEBUG]: Msgqueque creata
[LOG : 0.173000] Generato pezzo 0 Attesa
[LOG : 0.276000] Generato pezzo 1 Attesa
[LOG : 0.350000] Generato pezzo 2 Attesa
[LOG : 0.418000] Generato pezzo 3 Attesa
[LOG : 0.483000] Generato pezzo 4 Attesa
[LOG : 0.548000] Generato pezzo 5 Attesa
[LOG : 0.632000] Generato pezzo 6 Attesa
[LOG : 0.693000] Generato pezzo 7 Attesa
[LOG : 0.755000] Generato pezzo 8 Attesa
[LOG : 0.810000] Generato pezzo 9 Attesa
[LOG : 0.821000] PLAYER_CLEANER:Interruzione esecuzione in corso
[LOG : 0.064000] Player Started At 07:27:29
[LOG : 0.100000] Setup Struttura dei segnali
[LOG : 0.106000] Generazione pezzi iniziata
[DEBUG]: Msgqueque creata
[LOG : 0.173000] Generato pezzo 0 Attesa
[LOG : 0.276000] Generato pezzo 1 Attesa
[LOG : 0.350000] Generato pezzo 2 Attesa
[LOG : 0.418000] Generato pezzo 3 Attesa
[LOG : 0.483000] Generato pezzo 4 Attesa
[LOG : 0.548000] Generato pezzo 5 Attesa
[LOG : 0.632000] Generato pezzo 6 Attesa
[LOG : 0.693000] Generato pezzo 7 Attesa
[LOG : 0.064000] Player Started At 07:27:29
[LOG : 0.100000] Setup Struttura dei segnali
[LOG : 0.106000] Generazione pezzi iniziata
[DEBUG]: Msgqueque creata
[LOG : 0.173000] Generato pezzo 0 Attesa
[LOG : 0.276000] Generato pezzo 1 Attesa
[LOG : 0.350000] Generato pezzo 2 Attesa
[LOG : 0.418000] Generato pezzo 3 Attesa
[LOG : 0.483000] Generato pezzo 4 Attesa
[LOG : 0.548000] Generato pezzo 5 Attesa
[LOG : 0.632000] Generato pezzo 6 Attesa
[LOG : 0.064000] Player Started At 07:27:29
[LOG : 0.100000] Setup Struttura dei segnali
[LOG : 0.106000] Generazione pezzi iniziata
[DEBUG]: Msgqueque creata
[LOG : 0.173000] Generato pezzo 0 Attesa
[LOG : 0.276000] Generato pezzo 1 Attesa
[LOG : 0.350000] Generato pezzo 2 Attesa
[LOG : 0.418000] Generato pezzo 3 Attesa
[LOG : 0.483000] Generato pezzo 4 Attesa
[LOG : 0.548000] Generato pezzo 5 Attesa
[LOG : 0.632000] Generato pezzo 6 Attesa
[LOG : 0.693000] Generato pezzo 7 Attesa
[LOG : 0.755000] Generato pezzo 8 Attesa
[LOG : 0.064000] Player Started At 07:27:29
[LOG : 0.100000] Setup Struttura dei segnali
[LOG : 0.106000] Generazione pezzi iniziata
[DEBUG]: Msgqueque creata
[LOG : 0.173000] Generato pezzo 0 Attesa
[LOG : 0.276000] Generato pezzo 1 Attesa
[LOG : 0.350000] Generato pezzo 2 Attesa
[LOG : 0.418000] Generato pezzo 3 Attesa
[LOG : 0.169000] Player Started At 07:27:29
[LOG : 0.218000] Setup Struttura dei segnali
[LOG : 0.225000] Generazione pezzi iniziata
[DEBUG]: Msgqueque creata
[LOG : 0.314000] Generato pezzo 0 Attesa
[LOG : 0.402000] Generato pezzo 1 Attesa
[LOG : 0.511000] Generato pezzo 2 Attesa
[LOG : 0.169000] Player Started At 07:27:29
[LOG : 0.218000] Setup Struttura dei segnali
[LOG : 0.225000] Generazione pezzi iniziata
[DEBUG]: Msgqueque creata
[LOG : 0.314000] Generato pezzo 0 Attesa
[LOG : 0.402000] Generato pezzo 1 Attesa
[LOG : 0.511000] Generato pezzo 2 Attesa
[LOG : 0.630000] Generato pezzo 3 Attesa
[LOG : 0.705000] Generato pezzo 4 Attesa
[LOG : 0.770000] Generato pezzo 5 Attesa
[LOG : 0.169000] Player Started At 07:27:29
[LOG : 0.218000] Setup Struttura dei segnali
[LOG : 0.225000] Generazione pezzi iniziata
[DEBUG]: Msgqueque creata
[LOG : 0.314000] Generato pezzo 0 Attesa
[LOG : 0.402000] Generato pezzo 1 Attesa
[LOG : 0.511000] Generato pezzo 2 Attesa
[LOG : 0.630000] Generato pezzo 3 Attesa
[LOG : 0.169000] Player Started At 07:27:29
[LOG : 0.218000] Setup Struttura dei segnali
[LOG : 0.225000] Generazione pezzi iniziata
[DEBUG]: Msgqueque creata
[LOG : 0.314000] Generato pezzo 0 Attesa
[LOG : 0.402000] Generato pezzo 1 Attesa
[LOG : 0.511000] Generato pezzo 2 Attesa
[LOG : 0.630000] Generato pezzo 3 Attesa
[LOG : 0.705000] Generato pezzo 4 Attesa
[LOG : 0.169000] Player Started At 07:27:29
[LOG : 0.218000] Setup Struttura dei segnali
[LOG : 0.225000] Generazione pezzi iniziata
[DEBUG]: Msgqueque creata
[LOG : 0.314000] Generato pezzo 0 Attesa
[LOG : 0.402000] Generato pezzo 1 Attesa
[LOG : 0.511000] Generato pezzo 2 Attesa
[LOG : 0.630000] Generato pezzo 3 Attesa
[LOG : 0.705000] Generato pezzo 4 Attesa
[LOG : 0.770000] Generato pezzo 5 Attesa
[LOG : 0.844000] Generato pezzo 6 Attesa
[LOG : 0.916000] Generato pezzo 7 Attesa
[LOG : 0.978000] Generato pezzo 8 Attesa
[LOG : 1.048000] Generato pezzo 9 Attesa
[LOG : 1.072000] PLAYER_CLEANER:Interruzione esecuzione in corso
[LOG : 0.169000] Player Started At 07:27:29
[LOG : 0.218000] Setup Struttura dei segnali
[LOG : 0.225000] Generazione pezzi iniziata
[DEBUG]: Msgqueque creata
[LOG : 0.314000] Generato pezzo 0 Attesa
[LOG : 0.402000] Generato pezzo 1 Attesa
[LOG : 0.511000] Generato pezzo 2 Attesa
[LOG : 0.630000] Generato pezzo 3 Attesa
[LOG : 0.705000] Generato pezzo 4 Attesa
[LOG : 0.770000] Generato pezzo 5 Attesa
[LOG : 0.844000] Generato pezzo 6 Attesa
[LOG : 0.169000] Player Started At 07:27:29
[LOG : 0.218000] Setup Struttura dei segnali
[LOG : 0.225000] Generazione pezzi iniziata
[DEBUG]: Msgqueque creata
[LOG : 0.169000] Player Started At 07:27:29
[LOG : 0.218000] Setup Struttura dei segnali
[LOG : 0.225000] Generazione pezzi iniziata
[DEBUG]: Msgqueque creata
[LOG : 0.314000] Generato pezzo 0 Attesa
[LOG : 0.402000] Generato pezzo 1 Attesa
[LOG : 0.169000] Player Started At 07:27:29
[LOG : 0.218000] Setup Struttura dei segnali
[LOG : 0.225000] Generazione pezzi iniziata
[DEBUG]: Msgqueque creata
[LOG : 0.314000] Generato pezzo 0 Attesa
[LOG : 0.402000] Generato pezzo 1 Attesa
[LOG : 0.511000] Generato pezzo 2 Attesa
[LOG : 0.630000] Generato pezzo 3 Attesa
[LOG : 0.705000] Generato pezzo 4 Attesa
[LOG : 0.770000] Generato pezzo 5 Attesa
[LOG : 0.844000] Generato pezzo 6 Attesa
[LOG : 0.916000] Generato pezzo 7 Attesa
[LOG : 0.978000] Generato pezzo 8 Attesa
[LOG : 0.169000] Player Started At 07:27:29
[LOG : 0.218000] Setup Struttura dei segnali
[LOG : 0.225000] Generazione pezzi iniziata
[DEBUG]: Msgqueque creata
[LOG : 0.314000] Generato pezzo 0 Attesa
[LOG : 0.402000] Generato pezzo 1 Attesa
[LOG : 0.511000] Generato pezzo 2 Attesa
[LOG : 0.630000] Generato pezzo 3 Attesa
[LOG : 0.705000] Generato pezzo 4 Attesa
[LOG : 0.770000] Generato pezzo 5 Attesa
[LOG : 0.844000] Generato pezzo 6 Attesa
[LOG : 0.916000] Generato pezzo 7 Attesa
[LOG : 0.169000] Player Started At 07:27:29
[LOG : 0.218000] Setup Struttura dei segnali
[LOG : 0.225000] Generazione pezzi iniziata
[DEBUG]: Msgqueque creata
[LOG : 0.314000] Generato pezzo 0 Attesa
[LOG : 0.225000] Player Started At 11:46:34
[LOG : 0.248000] Setup Struttura dei segnali
[LOG : 0.252000] Generazione pezzi iniziata
[DEBUG]: Msgqueque creata
[LOG : 0.333000] Generato pezzo 0 Attesa
[LOG : 0.225000] Player Started At 11:46:34
[LOG : 0.248000] Setup Struttura dei segnali
[LOG : 0.252000] Generazione pezzi iniziata
[DEBUG]: Msgqueque creata
[LOG : 0.333000] Generato pezzo 0 Attesa
[LOG : 0.408000] Generato pezzo 1 Attesa
[LOG : 0.225000] Player Started At 11:46:34
[LOG : 0.248000] Setup Struttura dei segnali
[LOG : 0.252000] Generazione pezzi iniziata
[DEBUG]: Msgqueque creata
[LOG : 0.333000] Generato pezzo 0 Attesa
[LOG : 0.408000] Generato pezzo 1 Attesa
[LOG : 0.540000] Generato pezzo 2 Attesa
[LOG : 0.225000] Player Started At 11:46:34
[LOG : 0.248000] Setup Struttura dei segnali
[LOG : 0.252000] Generazione pezzi iniziata
[DEBUG]: Msgqueque creata
[LOG : 0.333000] Generato pezzo 0 Attesa
[LOG : 0.408000] Generato pezzo 1 Attesa
[LOG : 0.540000] Generato pezzo 2 Attesa
[LOG : 0.634000] Generato pezzo 3 Attesa
[LOG : 0.711000] Generato pezzo 4 Attesa
[LOG : 0.225000] Player Started At 11:46:34
[LOG : 0.248000] Setup Struttura dei segnali
[LOG : 0.252000] Generazione pezzi iniziata
[DEBUG]: Msgqueque creata
[LOG : 0.333000] Generato pezzo 0 Attesa
[LOG : 0.408000] Generato pezzo 1 Attesa
[LOG : 0.540000] Generato pezzo 2 Attesa
[LOG : 0.634000] Generato pezzo 3 Attesa
[LOG : 0.711000] Generato pezzo 4 Attesa
[LOG : 0.833000] Generato pezzo 5 Attesa
[LOG : 0.903000] Generato pezzo 6 Attesa
[LOG : 0.961000] Generato pezzo 7 Attesa
[LOG : 1.016000] Generato pezzo 8 Attesa
[LOG : 1.119000] Generato pezzo 9 Attesa
[LOG : 1.136000] PLAYER_CLEANER:Interruzione esecuzione in corso
[LOG : 0.225000] Player Started At 11:46:34
[LOG : 0.248000] Setup Struttura dei segnali
[LOG : 0.252000] Generazione pezzi iniziata
[DEBUG]: Msgqueque creata
[LOG : 0.333000] Generato pezzo 0 Attesa
[LOG : 0.408000] Generato pezzo 1 Attesa
[LOG : 0.540000] Generato pezzo 2 Attesa
[LOG : 0.634000] Generato pezzo 3 Attesa
[LOG : 0.711000] Generato pezzo 4 Attesa
[LOG : 0.833000] Generato pezzo 5 Attesa
[LOG : 0.225000] Player Started At 11:46:34
[LOG : 0.248000] Setup Struttura dei segnali
[LOG : 0.252000] Generazione pezzi iniziata
[DEBUG]: Msgqueque creata
[LOG : 0.333000] Generato pezzo 0 Attesa
[LOG : 0.408000] Generato pezzo 1 Attesa
[LOG : 0.540000] Generato pezzo 2 Attesa
[LOG : 0.634000] Generato pezzo 3 Attesa
[LOG : 0.225000] Player Started At 11:46:34
[LOG : 0.248000] Setup Struttura dei segnali
[LOG : 0.252000] Generazione pezzi iniziata
[DEBUG]: Msgqueque creata
[LOG : 0.333000] Generato pezzo 0 Attesa
[LOG : 0.408000] Generato pezzo 1 Attesa
[LOG : 0.540000] Generato pezzo 2 Attesa
[LOG : 0.634000] Generato pezzo 3 Attesa
[LOG : 0.711000] Generato pezzo 4 Attesa
[LOG : 0.833000] Generato pezzo 5 Attesa
[LOG : 0.903000] Generato pezzo 6 Attesa
[LOG : 0.225000] Player Started At 11:46:34
[LOG : 0.248000] Setup Struttura dei segnali
[LOG : 0.252000] Generazione pezzi iniziata
[DEBUG]: Msgqueque creata
[LOG : 0.225000] Player Started At 11:46:34
[LOG : 0.248000] Setup Struttura dei segnali
[LOG : 0.252000] Generazione pezzi iniziata
[DEBUG]: Msgqueque creata
[LOG : 0.333000] Generato pezzo 0 Attesa
[LOG : 0.408000] Generato pezzo 1 Attesa
[LOG : 0.540000] Generato pezzo 2 Attesa
[LOG : 0.634000] Generato pezzo 3 Attesa
[LOG : 0.711000] Generato pezzo 4 Attesa
[LOG : 0.833000] Generato pezzo 5 Attesa
[LOG : 0.903000] Generato pezzo 6 Attesa
[LOG : 0.961000] Generato pezzo 7 Attesa
[LOG : 0.225000] Player Started At 11:46:34
[LOG : 0.248000] Setup Struttura dei segnali
[LOG : 0.252000] Generazione pezzi iniziata
[DEBUG]: Msgqueque creata
[LOG : 0.333000] Generato pezzo 0 Attesa
[LOG : 0.408000] Generato pezzo 1 Attesa
[LOG : 0.540000] Generato pezzo 2 Attesa
[LOG : 0.634000] Generato pezzo 3 Attesa
[LOG : 0.711000] Generato pezzo 4 Attesa
[LOG : 0.833000] Generato pezzo 5 Attesa
[LOG : 0.903000] Generato pezzo 6 Attesa
[LOG : 0.961000] Generato pezzo 7 Attesa
[LOG : 1.016000] Generato pezzo 8 Attesa
[LOG : 0.127000] Player Started At 11:48:15
[LOG : 0.166000] Setup Struttura dei segnali
[LOG : 0.173000] Generazione pezzi iniziata
[DEBUG]: Msgqueque creata
[LOG : 0.243000] Generato pezzo 0 Attesa
[LOG : 0.325000] Generato pezzo 1 Attesa
[LOG : 0.127000] Player Started At 11:48:15
[LOG : 0.166000] Setup Struttura dei segnali
[LOG : 0.173000] Generazione pezzi iniziata
[DEBUG]: Msgqueque creata
[LOG : 0.243000] Generato pezzo 0 Attesa
[LOG : 0.127000] Player Started At 11:48:15
[LOG : 0.166000] Setup Struttura dei segnali
[LOG : 0.173000] Generazione pezzi iniziata
[DEBUG]: Msgqueque creata
[LOG : 0.243000] Generato pezzo 0 Attesa
[LOG : 0.325000] Generato pezzo 1 Attesa
[LOG : 0.386000] Generato pezzo 2 Attesa
[LOG : 0.453000] Generato pezzo 3 Attesa
[LOG : 0.519000] Generato pezzo 4 Attesa
[LOG : 0.586000] Generato pezzo 5 Attesa
[LOG : 0.671000] Generato pezzo 6 Attesa
[LOG : 0.127000] Player Started At 11:48:15
[LOG : 0.166000] Setup Struttura dei segnali
[LOG : 0.173000] Generazione pezzi iniziata
[DEBUG]: Msgqueque creata
[LOG : 0.243000] Generato pezzo 0 Attesa
[LOG : 0.325000] Generato pezzo 1 Attesa
[LOG : 0.386000] Generato pezzo 2 Attesa
[LOG : 0.453000] Generato pezzo 3 Attesa
[LOG : 0.127000] Player Started At 11:48:15
[LOG : 0.166000] Setup Struttura dei segnali
[LOG : 0.173000] Generazione pezzi iniziata
[DEBUG]: Msgqueque creata
[LOG : 0.243000] Generato pezzo 0 Attesa
[LOG : 0.325000] Generato pezzo 1 Attesa
[LOG : 0.386000] Generato pezzo 2 Attesa
[LOG : 0.453000] Generato pezzo 3 Attesa
[LOG : 0.519000] Generato pezzo 4 Attesa
[LOG : 0.586000] Generato pezzo 5 Attesa
[LOG : 0.127000] Player Started At 11:48:15
[LOG : 0.166000] Setup Struttura dei segnali
[LOG : 0.173000] Generazione pezzi iniziata
[DEBUG]: Msgqueque creata
[LOG : 0.243000] Generato pezzo 0 Attesa
[LOG : 0.325000] Generato pezzo 1 Attesa
[LOG : 0.386000] Generato pezzo 2 Attesa
[LOG : 0.453000] Generato pezzo 3 Attesa
[LOG : 0.519000] Generato pezzo 4 Attesa
[LOG : 0.586000] Generato pezzo 5 Attesa
[LOG : 0.671000] Generato pezzo 6 Attesa
[LOG : 0.744000] Generato pezzo 7 Attesa
[LOG : 0.819000] Generato pezzo 8 Attesa
[LOG : 0.879000] Generato pezzo 9 Attesa
[LOG : 0.889000] PLAYER_CLEANER:Interruzione esecuzione in corso
[LOG : 0.127000] Player Started At 11:48:15
[LOG : 0.166000] Setup Struttura dei segnali
[LOG : 0.173000] Generazione pezzi iniziata
[DEBUG]: Msgqueque creata
[LOG : 0.127000] Player Started At 11:48:15
[LOG : 0.166000] Setup Struttura dei segnali
[LOG : 0.173000] Generazione pezzi iniziata
[DEBUG]: Msgqueque creata
[LOG : 0.243000] Generato pezzo 0 Attesa
[LOG : 0.325000] Generato pezzo 1 Attesa
[LOG : 0.386000] Generato pezzo 2 Attesa
[LOG : 0.127000] Player Started At 11:48:15
[LOG : 0.166000] Setup Struttura dei segnali
[LOG : 0.173000] Generazione pezzi iniziata
[DEBUG]: Msgqueque creata
[LOG : 0.243000] Generato pezzo 0 Attesa
[LOG : 0.325000] Generato pezzo 1 Attesa
[LOG : 0.386000] Generato pezzo 2 Attesa
[LOG : 0.453000] Generato pezzo 3 Attesa
[LOG : 0.519000] Generato pezzo 4 Attesa
[LOG : 0.127000] Player Started At 11:48:15
[LOG : 0.166000] Setup Struttura dei segnali
[LOG : 0.173000] Generazione pezzi iniziata
[DEBUG]: Msgqueque creata
[LOG : 0.243000] Generato pezzo 0 Attesa
[LOG : 0.325000] Generato pezzo 1 Attesa
[LOG : 0.386000] Generato pezzo 2 Attesa
[LOG : 0.453000] Generato pezzo 3 Attesa
[LOG : 0.519000] Generato pezzo 4 Attesa
[LOG : 0.586000] Generato pezzo 5 Attesa
[LOG : 0.671000] Generato pezzo 6 Attesa
[LOG : 0.744000] Generato pezzo 7 Attesa
[LOG : 0.127000] Player Started At 11:48:15
[LOG : 0.166000] Setup Struttura dei segnali
[LOG : 0.173000] Generazione pezzi iniziata
[DEBUG]: Msgqueque creata
[LOG : 0.243000] Generato pezzo 0 Attesa
[LOG : 0.325000] Generato pezzo 1 Attesa
[LOG : 0.386000] Generato pezzo 2 Attesa
[LOG : 0.453000] Generato pezzo 3 Attesa
[LOG : 0.519000] Generato pezzo 4 Attesa
[LOG : 0.586000] Generato pezzo 5 Attesa
[LOG : 0.671000] Generato pezzo 6 Attesa
[LOG : 0.744000] Generato pezzo 7 Attesa
[LOG : 0.819000] Generato pezzo 8 Attesa
[LOG : 0.119000] Player Started At 11:49:25
[LOG : 0.141000] Setup Struttura dei segnali
[LOG : 0.150000] Generazione pezzi iniziata
[DEBUG]: Msgqueque creata
[LOG : 0.119000] Player Started At 11:49:25
[LOG : 0.141000] Setup Struttura dei segnali
[LOG : 0.150000] Generazione pezzi iniziata
[DEBUG]: Msgqueque creata
[LOG : 0.222000] Generato pezzo 0 Attesa
[LOG : 0.295000] Generato pezzo 1 Attesa
[LOG : 0.119000] Player Started At 11:49:25
[LOG : 0.141000] Setup Struttura dei segnali
[LOG : 0.150000] Generazione pezzi iniziata
[DEBUG]: Msgqueque creata
[LOG : 0.222000] Generato pezzo 0 Attesa
[LOG : 0.119000] Player Started At 11:49:25
[LOG : 0.141000] Setup Struttura dei segnali
[LOG : 0.150000] Generazione pezzi iniziata
[DEBUG]: Msgqueque creata
[LOG : 0.222000] Generato pezzo 0 Attesa
[LOG : 0.295000] Generato pezzo 1 Attesa
[LOG : 0.355000] Generato pezzo 2 Attesa
[LOG : 0.425000] Generato pezzo 3 Attesa
[LOG : 0.489000] Generato pezzo 4 Attesa
[LOG : 0.546000] Generato pezzo 5 Attesa
[LOG : 0.119000] Player Started At 11:49:25
[LOG : 0.141000] Setup Struttura dei segnali
[LOG : 0.150000] Generazione pezzi iniziata
[DEBUG]: Msgqueque creata
[LOG : 0.222000] Generato pezzo 0 Attesa
[LOG : 0.295000] Generato pezzo 1 Attesa
[LOG : 0.355000] Generato pezzo 2 Attesa
[LOG : 0.119000] Player Started At 11:49:25
[LOG : 0.141000] Setup Struttura dei segnali
[LOG : 0.150000] Generazione pezzi iniziata
[DEBUG]: Msgqueque creata
[LOG : 0.222000] Generato pezzo 0 Attesa
[LOG : 0.295000] Generato pezzo 1 Attesa
[LOG : 0.355000] Generato pezzo 2 Attesa
[LOG : 0.425000] Generato pezzo 3 Attesa
[LOG : 0.489000] Generato pezzo 4 Attesa
[LOG : 0.546000] Generato pezzo 5 Attesa
[LOG : 0.618000] Generato pezzo 6 Attesa
[LOG : 0.119000] Player Started At 11:49:25
[LOG : 0.141000] Setup Struttura dei segnali
[LOG : 0.150000] Generazione pezzi iniziata
[DEBUG]: Msgqueque creata
[LOG : 0.222000] Generato pezzo 0 Attesa
[LOG : 0.295000] Generato pezzo 1 Attesa
[LOG : 0.355000] Generato pezzo 2 Attesa
[LOG : 0.425000] Generato pezzo 3 Attesa
[LOG : 0.489000] Generato pezzo 4 Attesa
[LOG : 0.119000] Player Started At 11:49:25
[LOG : 0.141000] Setup Struttura dei segnali
[LOG : 0.150000] Generazione pezzi iniziata
[DEBUG]: Msgqueque creata
[LOG : 0.222000] Generato pezzo 0 Attesa
[LOG : 0.295000] Generato pezzo 1 Attesa
[LOG : 0.355000] Generato pezzo 2 Attesa
[LOG : 0.425000] Generato pezzo 3 Attesa
[LOG : 0.489000] Generato pezzo 4 Attesa
[LOG : 0.546000] Generato pezzo 5 Attesa
[LOG : 0.618000] Generato pezzo 6 Attesa
[LOG : 0.690000] Generato pezzo 7 Attesa
[LOG : 0.741000] Generato pezzo 8 Attesa
[LOG : 0.796000] Generato pezzo 9 Attesa
[LOG : 0.805000] PLAYER_CLEANER:Interruzione esecuzione in corso
[LOG : 0.119000] Player Started At 11:49:25
[LOG : 0.141000] Setup Struttura dei segnali
[LOG : 0.150000] Generazione pezzi iniziata
[DEBUG]: Msgqueque creata
[LOG : 0.222000] Generato pezzo 0 Attesa
[LOG : 0.295000] Generato pezzo 1 Attesa
[LOG : 0.355000] Generato pezzo 2 Attesa
[LOG : 0.425000] Generato pezzo 3 Attesa
[LOG : 0.119000] Player Started At 11:49:25
[LOG : 0.141000] Setup Struttura dei segnali
[LOG : 0.150000] Generazione pezzi iniziata
[DEBUG]: Msgqueque creata
[LOG : 0.222000] Generato pezzo 0 Attesa
[LOG : 0.295000] Generato pezzo 1 Attesa
[LOG : 0.355000] Generato pezzo 2 Attesa
[LOG : 0.425000] Generato pezzo 3 Attesa
[LOG : 0.489000] Generato pezzo 4 Attesa
[LOG : 0.546000] Generato pezzo 5 Attesa
[LOG : 0.618000] Generato pezzo 6 Attesa
[LOG : 0.690000] Generato pezzo 7 Attesa
[LOG : 0.119000] Player Started At 11:49:25
[LOG : 0.141000] Setup Struttura dei segnali
[LOG : 0.150000] Generazione pezzi iniziata
[DEBUG]: Msgqueque creata
[LOG : 0.222000] Generato pezzo 0 Attesa
[LOG : 0.295000] Generato pezzo 1 Attesa
[LOG : 0.355000] Generato pezzo 2 Attesa
[LOG : 0.425000] Generato pezzo 3 Attesa
[LOG : 0.489000] Generato pezzo 4 Attesa
[LOG : 0.546000] Generato pezzo 5 Attesa
[LOG : 0.618000] Generato pezzo 6 Attesa
[LOG : 0.690000] Generato pezzo 7 Attesa
[LOG : 0.741000] Generato pezzo 8 Attesa
[LOG : 0.104000] Player Started At 11:50:08
[LOG : 0.128000] Setup Struttura dei segnali
[LOG : 0.133000] Generazione pezzi iniziata
[DEBUG]: Msgqueque creata
[LOG : 0.104000] Player Started At 11:50:08
[LOG : 0.128000] Setup Struttura dei segnali
[LOG : 0.133000] Generazione pezzi iniziata
[DEBUG]: Msgqueque creata
[LOG : 0.190000] Generato pezzo 0 Attesa
[LOG : 0.250000] Generato pezzo 1 Attesa
[LOG : 0.310000] Generato pezzo 2 Attesa
[LOG : 0.367000] Generato pezzo 3 Attesa
[LOG : 0.104000] Player Started At 11:50:08
[LOG : 0.128000] Setup Struttura dei segnali
[LOG : 0.133000] Generazione pezzi iniziata
[DEBUG]: Msgqueque creata
[LOG : 0.190000] Generato pezzo 0 Attesa
[LOG : 0.250000] Generato pezzo 1 Attesa
[LOG : 0.104000] Player Started At 11:50:08
[LOG : 0.128000] Setup Struttura dei segnali
[LOG : 0.133000] Generazione pezzi iniziata
[DEBUG]: Msgqueque creata
[LOG : 0.190000] Generato pezzo 0 Attesa
[LOG : 0.250000] Generato pezzo 1 Attesa
[LOG : 0.310000] Generato pezzo 2 Attesa
[LOG : 0.367000] Generato pezzo 3 Attesa
[LOG : 0.422000] Generato pezzo 4 Attesa
[LOG : 0.478000] Generato pezzo 5 Attesa
[LOG : 0.104000] Player Started At 11:50:08
[LOG : 0.128000] Setup Struttura dei segnali
[LOG : 0.133000] Generazione pezzi iniziata
[DEBUG]: Msgqueque creata
[LOG : 0.190000] Generato pezzo 0 Attesa
[LOG : 0.250000] Generato pezzo 1 Attesa
[LOG : 0.310000] Generato pezzo 2 Attesa
[LOG : 0.367000] Generato pezzo 3 Attesa
[LOG : 0.422000] Generato pezzo 4 Attesa
[LOG : 0.478000] Generato pezzo 5 Attesa
[LOG : 0.550000] Generato pezzo 6 Attesa
[LOG : 0.104000] Player Started At 11:50:08
[LOG : 0.128000] Setup Struttura dei segnali
[LOG : 0.133000] Generazione pezzi iniziata
[DEBUG]: Msgqueque creata
[LOG : 0.190000] Generato pezzo 0 Attesa
[LOG : 0.250000] Generato pezzo 1 Attesa
[LOG : 0.310000] Generato pezzo 2 Attesa
[LOG : 0.367000] Generato pezzo 3 Attesa
[LOG : 0.422000] Generato pezzo 4 Attesa
[LOG : 0.478000] Generato pezzo 5 Attesa
[LOG : 0.550000] Generato pezzo 6 Attesa
[LOG : 0.632000] Generato pezzo 7 Attesa
[LOG : 0.687000] Generato pezzo 8 Attesa
[LOG : 0.745000] Generato pezzo 9 Attesa
[LOG : 0.754000] PLAYER_CLEANER:Interruzione esecuzione in corso
[LOG : 0.104000] Player Started At 11:50:08
[LOG : 0.128000] Setup Struttura dei segnali
[LOG : 0.133000] Generazione pezzi iniziata
[DEBUG]: Msgqueque creata
[LOG : 0.190000] Generato pezzo 0 Attesa
[LOG : 0.250000] Generato pezzo 1 Attesa
[LOG : 0.310000] Generato pezzo 2 Attesa
[LOG : 0.367000] Generato pezzo 3 Attesa
[LOG : 0.422000] Generato pezzo 4 Attesa
[LOG : 0.478000] Generato pezzo 5 Attesa
[LOG : 0.550000] Generato pezzo 6 Attesa
[LOG : 0.632000] Generato pezzo 7 Attesa
[LOG : 0.104000] Player Started At 11:50:08
[LOG : 0.128000] Setup Struttura dei segnali
[LOG : 0.133000] Generazione pezzi iniziata
[DEBUG]: Msgqueque creata
[LOG : 0.190000] Generato pezzo 0 Attesa
[LOG : 0.250000] Generato pezzo 1 Attesa
[LOG : 0.310000] Generato pezzo 2 Attesa
[LOG : 0.367000] Generato pezzo 3 Attesa
[LOG : 0.422000] Generato pezzo 4 Attesa
[LOG : 0.104000] Player Started At 11:50:08
[LOG : 0.128000] Setup Struttura dei segnali
[LOG : 0.133000] Generazione pezzi iniziata
[DEBUG]: Msgqueque creata
[LOG : 0.190000] Generato pezzo 0 Attesa
[LOG : 0.104000] Player Started At 11:50:08
[LOG : 0.128000] Setup Struttura dei segnali
[LOG : 0.133000] Generazione pezzi iniziata
[DEBUG]: Msgqueque creata
[LOG : 0.190000] Generato pezzo 0 Attesa
[LOG : 0.250000] Generato pezzo 1 Attesa
[LOG : 0.310000] Generato pezzo 2 Attesa
[LOG : 0.104000] Player Started At 11:50:08
[LOG : 0.128000] Setup Struttura dei segnali
[LOG : 0.133000] Generazione pezzi iniziata
[DEBUG]: Msgqueque creata
[LOG : 0.190000] Generato pezzo 0 Attesa
[LOG : 0.250000] Generato pezzo 1 Attesa
[LOG : 0.310000] Generato pezzo 2 Attesa
[LOG : 0.367000] Generato pezzo 3 Attesa
[LOG : 0.422000] Generato pezzo 4 Attesa
[LOG : 0.478000] Generato pezzo 5 Attesa
[LOG : 0.550000] Generato pezzo 6 Attesa
[LOG : 0.632000] Generato pezzo 7 Attesa
[LOG : 0.687000] Generato pezzo 8 Attesa
[LOG : 0.102000] Player Started At 11:53:59
[LOG : 0.122000] Setup Struttura dei segnali
[LOG : 0.140000] Generazione pezzi iniziata
[DEBUG]: Msgqueque creata
[LOG : 0.102000] Player Started At 11:53:59
[LOG : 0.122000] Setup Struttura dei segnali
[LOG : 0.140000] Generazione pezzi iniziata
[DEBUG]: Msgqueque creata
[LOG : 0.199000] Generato pezzo 0 Attesa
[LOG : 0.275000] Generato pezzo 1 Attesa
[LOG : 0.102000] Player Started At 11:53:59
[LOG : 0.122000] Setup Struttura dei segnali
[LOG : 0.140000] Generazione pezzi iniziata
[DEBUG]: Msgqueque creata
[LOG : 0.199000] Generato pezzo 0 Attesa
[LOG : 0.275000] Generato pezzo 1 Attesa
[LOG : 0.364000] Generato pezzo 2 Attesa
[LOG : 0.102000] Player Started At 11:53:59
[LOG : 0.122000] Setup Struttura dei segnali
[LOG : 0.140000] Generazione pezzi iniziata
[DEBUG]: Msgqueque creata
[LOG : 0.199000] Generato pezzo 0 Attesa
[LOG : 0.102000] Player Started At 11:53:59
[LOG : 0.122000] Setup Struttura dei segnali
[LOG : 0.140000] Generazione pezzi iniziata
[DEBUG]: Msgqueque creata
[LOG : 0.199000] Generato pezzo 0 Attesa
[LOG : 0.275000] Generato pezzo 1 Attesa
[LOG : 0.364000] Generato pezzo 2 Attesa
[LOG : 0.446000] Generato pezzo 3 Attesa
[LOG : 0.526000] Generato pezzo 4 Attesa
[LOG : 0.102000] Player Started At 11:53:59
[LOG : 0.122000] Setup Struttura dei segnali
[LOG : 0.140000] Generazione pezzi iniziata
[DEBUG]: Msgqueque creata
[LOG : 0.199000] Generato pezzo 0 Attesa
[LOG : 0.275000] Generato pezzo 1 Attesa
[LOG : 0.364000] Generato pezzo 2 Attesa
[LOG : 0.446000] Generato pezzo 3 Attesa
[LOG : 0.526000] Generato pezzo 4 Attesa
[LOG : 0.597000] Generato pezzo 5 Attesa
[LOG : 0.102000] Player Started At 11:53:59
[LOG : 0.122000] Setup Struttura dei segnali
[LOG : 0.140000] Generazione pezzi iniziata
[DEBUG]: Msgqueque creata
[LOG : 0.199000] Generato pezzo 0 Attesa
[LOG : 0.275000] Generato pezzo 1 Attesa
[LOG : 0.364000] Generato pezzo 2 Attesa
[LOG : 0.446000] Generato pezzo 3 Attesa
[LOG : 0.526000] Generato pezzo 4 Attesa
[LOG : 0.597000] Generato pezzo 5 Attesa
[LOG : 0.666000] Generato pezzo 6 Attesa
[LOG : 0.743000] Generato pezzo 7 Attesa
[LOG : 0.817000] Generato pezzo 8 Attesa
[LOG : 0.885000] Generato pezzo 9 Attesa
[LOG : 0.911000] PLAYER_CLEANER:Interruzione esecuzione in corso
[LOG : 0.102000] Player Started At 11:53:59
[LOG : 0.122000] Setup Struttura dei segnali
[LOG : 0.140000] Generazione pezzi iniziata
[DEBUG]: Msgqueque creata
[LOG : 0.199000] Generato pezzo 0 Attesa
[LOG : 0.275000] Generato pezzo 1 Attesa
[LOG : 0.364000] Generato pezzo 2 Attesa
[LOG : 0.446000] Generato pezzo 3 Attesa
[LOG : 0.102000] Player Started At 11:53:59
[LOG : 0.122000] Setup Struttura dei segnali
[LOG : 0.140000] Generazione pezzi iniziata
[DEBUG]: Msgqueque creata
[LOG : 0.199000] Generato pezzo 0 Attesa
[LOG : 0.275000] Generato pezzo 1 Attesa
[LOG : 0.364000] Generato pezzo 2 Attesa
[LOG : 0.446000] Generato pezzo 3 Attesa
[LOG : 0.526000] Generato pezzo 4 Attesa
[LOG : 0.597000] Generato pezzo 5 Attesa
[LOG : 0.666000] Generato pezzo 6 Attesa
[LOG : 0.743000] Generato pezzo 7 Attesa
[LOG : 0.102000] Player Started At 11:53:59
[LOG : 0.122000] Setup Struttura dei segnali
[LOG : 0.140000] Generazione pezzi iniziata
[DEBUG]: Msgqueque creata
[LOG : 0.199000] Generato pezzo 0 Attesa
[LOG : 0.275000] Generato pezzo 1 Attesa
[LOG : 0.364000] Generato pezzo 2 Attesa
[LOG : 0.446000] Generato pezzo 3 Attesa
[LOG : 0.526000] Generato pezzo 4 Attesa
[LOG : 0.597000] Generato pezzo 5 Attesa
[LOG : 0.666000] Generato pezzo 6 Attesa
[LOG : 0.743000] Generato pezzo 7 Attesa
[LOG : 0.817000] Generato pezzo 8 Attesa
[LOG : 0.102000] Player Started At 11:53:59
[LOG : 0.122000] Setup Struttura dei segnali
[LOG : 0.140000] Generazione pezzi iniziata
[DEBUG]: Msgqueque creata
[LOG : 0.199000] Generato pezzo 0 Attesa
[LOG : 0.275000] Generato pezzo 1 Attesa
[LOG : 0.364000] Generato pezzo 2 Attesa
[LOG : 0.446000] Generato pezzo 3 Attesa
[LOG : 0.526000] Generato pezzo 4 Attesa
[LOG : 0.597000] Generato pezzo 5 Attesa
[LOG : 0.666000] Generato pezzo 6 Attesa
[LOG : 0.110000] Player Started At 11:54:57
[LOG : 0.145000] Setup Struttura dei segnali
[LOG : 0.150000] Generazione pezzi iniziata
[DEBUG]: Msgqueque creata
[LOG : 0.210000] Generato pezzo 0 Attesa
[LOG : 0.110000] Player Started At 11:54:57
[LOG : 0.145000] Setup Struttura dei segnali
[LOG : 0.150000] Generazione pezzi iniziata
[DEBUG]: Msgqueque creata
[LOG : 0.110000] Player Started At 11:54:57
[LOG : 0.145000] Setup Struttura dei segnali
[LOG : 0.150000] Generazione pezzi iniziata
[DEBUG]: Msgqueque creata
[LOG : 0.210000] Generato pezzo 0 Attesa
[LOG : 0.307000] Generato pezzo 1 Attesa
[LOG : 0.371000] Generato pezzo 2 Attesa
[LOG : 0.442000] Generato pezzo 3 Attesa
[LOG : 0.110000] Player Started At 11:54:57
[LOG : 0.145000] Setup Struttura dei segnali
[LOG : 0.150000] Generazione pezzi iniziata
[DEBUG]: Msgqueque creata
[LOG : 0.210000] Generato pezzo 0 Attesa
[LOG : 0.307000] Generato pezzo 1 Attesa
[LOG : 0.110000] Player Started At 11:54:57
[LOG : 0.145000] Setup Struttura dei segnali
[LOG : 0.150000] Generazione pezzi iniziata
[DEBUG]: Msgqueque creata
[LOG : 0.210000] Generato pezzo 0 Attesa
[LOG : 0.307000] Generato pezzo 1 Attesa
[LOG : 0.371000] Generato pezzo 2 Attesa
[LOG : 0.442000] Generato pezzo 3 Attesa
[LOG : 0.502000] Generato pezzo 4 Attesa
[LOG : 0.110000] Player Started At 11:54:57
[LOG : 0.145000] Setup Struttura dei segnali
[LOG : 0.150000] Generazione pezzi iniziata
[DEBUG]: Msgqueque creata
[LOG : 0.210000] Generato pezzo 0 Attesa
[LOG : 0.307000] Generato pezzo 1 Attesa
[LOG : 0.371000] Generato pezzo 2 Attesa
[LOG : 0.442000] Generato pezzo 3 Attesa
[LOG : 0.502000] Generato pezzo 4 Attesa
[LOG : 0.583000] Generato pezzo 5 Attesa
[LOG : 0.110000] Player Started At 11:54:57
[LOG : 0.145000] Setup Struttura dei segnali
[LOG : 0.150000] Generazione pezzi iniziata
[DEBUG]: Msgqueque creata
[LOG : 0.210000] Generato pezzo 0 Attesa
[LOG : 0.307000] Generato pezzo 1 Attesa
[LOG : 0.371000] Generato pezzo 2 Attesa
[LOG : 0.442000] Generato pezzo 3 Attesa
[LOG : 0.502000] Generato pezzo 4 Attesa
[LOG : 0.583000] Generato pezzo 5 Attesa
[LOG : 0.645000] Generato pezzo 6 Attesa
[LOG : 0.110000] Player Started At 11:54:57
[LOG : 0.145000] Setup Struttura dei segnali
[LOG : 0.150000] Generazione pezzi iniziata
[DEBUG]: Msgqueque creata
[LOG : 0.210000] Generato pezzo 0 Attesa
[LOG : 0.307000] Generato pezzo 1 Attesa
[LOG : 0.371000] Generato pezzo 2 Attesa
[LOG : 0.442000] Generato pezzo 3 Attesa
[LOG : 0.502000] Generato pezzo 4 Attesa
[LOG : 0.583000] Generato pezzo 5 Attesa
[LOG : 0.645000] Generato pezzo 6 Attesa
[LOG : 0.724000] Generato pezzo 7 Attesa
[LOG : 0.789000] Generato pezzo 8 Attesa
[LOG : 0.846000] Generato pezzo 9 Attesa
[LOG : 0.856000] PLAYER_CLEANER:Interruzione esecuzione in corso
[LOG : 0.110000] Player Started At 11:54:57
[LOG : 0.145000] Setup Struttura dei segnali
[LOG : 0.150000] Generazione pezzi iniziata
[DEBUG]: Msgqueque creata
[LOG : 0.210000] Generato pezzo 0 Attesa
[LOG : 0.307000] Generato pezzo 1 Attesa
[LOG : 0.371000] Generato pezzo 2 Attesa
[LOG : 0.110000] Player Started At 11:54:57
[LOG : 0.145000] Setup Struttura dei segnali
[LOG : 0.150000] Generazione pezzi iniziata
[DEBUG]: Msgqueque creata
[LOG : 0.210000] Generato pezzo 0 Attesa
[LOG : 0.307000] Generato pezzo 1 Attesa
[LOG : 0.371000] Generato pezzo 2 Attesa
[LOG : 0.442000] Generato pezzo 3 Attesa
[LOG : 0.502000] Generato pezzo 4 Attesa
[LOG : 0.583000] Generato pezzo 5 Attesa
[LOG : 0.645000] Generato pezzo 6 Attesa
[LOG : 0.724000] Generato pezzo 7 Attesa
[LOG : 0.110000] Player Started At 11:54:57
[LOG : 0.145000] Setup Struttura dei segnali
[LOG : 0.150000] Generazione pezzi iniziata
[DEBUG]: Msgqueque creata
[LOG : 0.210000] Generato pezzo 0 Attesa
[LOG : 0.307000] Generato pezzo 1 Attesa
[LOG : 0.371000] Generato pezzo 2 Attesa
[LOG : 0.442000] Generato pezzo 3 Attesa
[LOG : 0.502000] Generato pezzo 4 Attesa
[LOG : 0.583000] Generato pezzo 5 Attesa
[LOG : 0.645000] Generato pezzo 6 Attesa
[LOG : 0.724000] Generato pezzo 7 Attesa
[LOG : 0.789000] Generato pezzo 8 Attesa
[LOG : 0.141000] Player Started At 11:57:10
[LOG : 0.161000] Setup Struttura dei segnali
[LOG : 0.171000] Generazione pezzi iniziata
[DEBUG]: Msgqueque creata
[LOG : 0.141000] Player Started At 11:57:10
[LOG : 0.161000] Setup Struttura dei segnali
[LOG : 0.171000] Generazione pezzi iniziata
[DEBUG]: Msgqueque creata
[LOG : 0.243000] Generato pezzo 0 Attesa
[LOG : 0.334000] Generato pezzo 1 Attesa
[LOG : 0.141000] Player Started At 11:57:10
[LOG : 0.161000] Setup Struttura dei segnali
[LOG : 0.171000] Generazione pezzi iniziata
[DEBUG]: Msgqueque creata
[LOG : 0.243000] Generato pezzo 0 Attesa
[LOG : 0.141000] Player Started At 11:57:10
[LOG : 0.161000] Setup Struttura dei segnali
[LOG : 0.171000] Generazione pezzi iniziata
[DEBUG]: Msgqueque creata
[LOG : 0.243000] Generato pezzo 0 Attesa
[LOG : 0.334000] Generato pezzo 1 Attesa
[LOG : 0.410000] Generato pezzo 2 Attesa
[LOG : 0.476000] Generato pezzo 3 Attesa
[LOG : 0.544000] Generato pezzo 4 Attesa
[LOG : 0.617000] Generato pezzo 5 Attesa
[LOG : 0.141000] Player Started At 11:57:10
[LOG : 0.161000] Setup Struttura dei segnali
[LOG : 0.171000] Generazione pezzi iniziata
[DEBUG]: Msgqueque creata
[LOG : 0.243000] Generato pezzo 0 Attesa
[LOG : 0.334000] Generato pezzo 1 Attesa
[LOG : 0.410000] Generato pezzo 2 Attesa
[LOG : 0.476000] Generato pezzo 3 Attesa
[LOG : 0.544000] Generato pezzo 4 Attesa
[LOG : 0.617000] Generato pezzo 5 Attesa
[LOG : 0.693000] Generato pezzo 6 Attesa
[LOG : 0.141000] Player Started At 11:57:10
[LOG : 0.161000] Setup Struttura dei segnali
[LOG : 0.171000] Generazione pezzi iniziata
[DEBUG]: Msgqueque creata
[LOG : 0.243000] Generato pezzo 0 Attesa
[LOG : 0.334000] Generato pezzo 1 Attesa
[LOG : 0.410000] Generato pezzo 2 Attesa
[LOG : 0.476000] Generato pezzo 3 Attesa
[LOG : 0.544000] Generato pezzo 4 Attesa
[LOG : 0.617000] Generato pezzo 5 Attesa
[LOG : 0.693000] Generato pezzo 6 Attesa
[LOG : 0.771000] Generato pezzo 7 Attesa
[LOG : 0.835000] Generato pezzo 8 Attesa
[LOG : 0.900000] Generato pezzo 9 Attesa
[LOG : 0.919000] PLAYER_CLEANER:Interruzione esecuzione in corso
[LOG : 0.141000] Player Started At 11:57:10
[LOG : 0.161000] Setup Struttura dei segnali
[LOG : 0.171000] Generazione pezzi iniziata
[DEBUG]: Msgqueque creata
[LOG : 0.243000] Generato pezzo 0 Attesa
[LOG : 0.334000] Generato pezzo 1 Attesa
[LOG : 0.410000] Generato pezzo 2 Attesa
[LOG : 0.476000] Generato pezzo 3 Attesa
[LOG : 0.544000] Generato pezzo 4 Attesa
[LOG : 0.617000] Generato pezzo 5 Attesa
[LOG : 0.693000] Generato pezzo 6 Attesa
[LOG : 0.771000] Generato pezzo 7 Attesa
[LOG : 0.141000] Player Started At 11:57:10
[LOG : 0.161000] Setup Struttura dei segnali
[LOG : 0.171000] Generazione pezzi iniziata
[DEBUG]: Msgqueque creata
[LOG : 0.243000] Generato pezzo 0 Attesa
[LOG : 0.334000] Generato pezzo 1 Attesa
[LOG : 0.410000] Generato pezzo 2 Attesa
[LOG : 0.476000] Generato pezzo 3 Attesa
[LOG : 0.544000] Generato pezzo 4 Attesa
[LOG : 0.141000] Player Started At 11:57:10
[LOG : 0.161000] Setup Struttura dei segnali
[LOG : 0.171000] Generazione pezzi iniziata
[DEBUG]: Msgqueque creata
[LOG : 0.243000] Generato pezzo 0 Attesa
[LOG : 0.334000] Generato pezzo 1 Attesa
[LOG : 0.410000] Generato pezzo 2 Attesa
[LOG : 0.476000] Generato pezzo 3 Attesa
[LOG : 0.544000] Generato pezzo 4 Attesa
[LOG : 0.617000] Generato pezzo 5 Attesa
[LOG : 0.693000] Generato pezzo 6 Attesa
[LOG : 0.771000] Generato pezzo 7 Attesa
[LOG : 0.835000] Generato pezzo 8 Attesa
[LOG : 0.141000] Player Started At 11:57:10
[LOG : 0.161000] Setup Struttura dei segnali
[LOG : 0.171000] Generazione pezzi iniziata
[DEBUG]: Msgqueque creata
[LOG : 0.243000] Generato pezzo 0 Attesa
[LOG : 0.334000] Generato pezzo 1 Attesa
[LOG : 0.410000] Generato pezzo 2 Attesa
[LOG : 0.476000] Generato pezzo 3 Attesa
[LOG : 0.141000] Player Started At 11:57:10
[LOG : 0.161000] Setup Struttura dei segnali
[LOG : 0.171000] Generazione pezzi iniziata
[DEBUG]: Msgqueque creata
[LOG : 0.243000] Generato pezzo 0 Attesa
[LOG : 0.334000] Generato pezzo 1 Attesa
[LOG : 0.410000] Generato pezzo 2 Attesa
[LOG : 0.153000] Player Started At 11:59:06
[LOG : 0.172000] Setup Struttura dei segnali
[LOG : 0.177000] Generazione pezzi iniziata
[DEBUG]: Msgqueque creata
[LOG : 0.153000] Player Started At 11:59:06
[LOG : 0.172000] Setup Struttura dei segnali
[LOG : 0.177000] Generazione pezzi iniziata
[DEBUG]: Msgqueque creata
[LOG : 0.242000] Generato pezzo 0 Attesa
[LOG : 0.311000] Generato pezzo 1 Attesa
[LOG : 0.153000] Player Started At 11:59:06
[LOG : 0.172000] Setup Struttura dei segnali
[LOG : 0.177000] Generazione pezzi iniziata
[DEBUG]: Msgqueque creata
[LOG : 0.242000] Generato pezzo 0 Attesa
[LOG : 0.153000] Player Started At 11:59:06
[LOG : 0.172000] Setup Struttura dei segnali
[LOG : 0.177000] Generazione pezzi iniziata
[DEBUG]: Msgqueque creata
[LOG : 0.242000] Generato pezzo 0 Attesa
[LOG : 0.311000] Generato pezzo 1 Attesa
[LOG : 0.380000] Generato pezzo 2 Attesa
[LOG : 0.153000] Player Started At 11:59:06
[LOG : 0.172000] Setup Struttura dei segnali
[LOG : 0.177000] Generazione pezzi iniziata
[DEBUG]: Msgqueque creata
[LOG : 0.242000] Generato pezzo 0 Attesa
[LOG : 0.311000] Generato pezzo 1 Attesa
[LOG : 0.380000] Generato pezzo 2 Attesa
[LOG : 0.450000] Generato pezzo 3 Attesa
[LOG : 0.153000] Player Started At 11:59:06
[LOG : 0.172000] Setup Struttura dei segnali
[LOG : 0.177000] Generazione pezzi iniziata
[DEBUG]: Msgqueque creata
[LOG : 0.242000] Generato pezzo 0 Attesa
[LOG : 0.311000] Generato pezzo 1 Attesa
[LOG : 0.380000] Generato pezzo 2 Attesa
[LOG : 0.450000] Generato pezzo 3 Attesa
[LOG : 0.518000] Generato pezzo 4 Attesa
[LOG : 0.589000] Generato pezzo 5 Attesa
[LOG : 0.153000] Player Started At 11:59:06
[LOG : 0.172000] Setup Struttura dei segnali
[LOG : 0.177000] Generazione pezzi iniziata
[DEBUG]: Msgqueque creata
[LOG : 0.242000] Generato pezzo 0 Attesa
[LOG : 0.311000] Generato pezzo 1 Attesa
[LOG : 0.380000] Generato pezzo 2 Attesa
[LOG : 0.450000] Generato pezzo 3 Attesa
[LOG : 0.518000] Generato pezzo 4 Attesa
[LOG : 0.589000] Generato pezzo 5 Attesa
[LOG : 0.673000] Generato pezzo 6 Attesa
[LOG : 0.759000] Generato pezzo 7 Attesa
[LOG : 0.835000] Generato pezzo 8 Attesa
[LOG : 0.900000] Generato pezzo 9 Attesa
[LOG : 0.912000] PLAYER_CLEANER:Interruzione esecuzione in corso
[LOG : 0.153000] Player Started At 11:59:06
[LOG : 0.172000] Setup Struttura dei segnali
[LOG : 0.177000] Generazione pezzi iniziata
[DEBUG]: Msgqueque creata
[LOG : 0.242000] Generato pezzo 0 Attesa
[LOG : 0.311000] Generato pezzo 1 Attesa
[LOG : 0.380000] Generato pezzo 2 Attesa
[LOG : 0.450000] Generato pezzo 3 Attesa
[LOG : 0.518000] Generato pezzo 4 Attesa
[LOG : 0.589000] Generato pezzo 5 Attesa
[LOG : 0.673000] Generato pezzo 6 Attesa
[LOG : 0.153000] Player Started At 11:59:06
[LOG : 0.172000] Setup Struttura dei segnali
[LOG : 0.177000] Generazione pezzi iniziata
[DEBUG]: Msgqueque creata
[LOG : 0.242000] Generato pezzo 0 Attesa
[LOG : 0.311000] Generato pezzo 1 Attesa
[LOG : 0.380000] Generato pezzo 2 Attesa
[LOG : 0.450000] Generato pezzo 3 Attesa
[LOG : 0.518000] Generato pezzo 4 Attesa
[LOG : 0.589000] Generato pezzo 5 Attesa
[LOG : 0.673000] Generato pezzo 6 Attesa
[LOG : 0.759000] Generato pezzo 7 Attesa
[LOG : 0.835000] Generato pezzo 8 Attesa
[LOG : 0.153000] Player Started At 11:59:06
[LOG : 0.172000] Setup Struttura dei segnali
[LOG : 0.177000] Generazione pezzi iniziata
[DEBUG]: Msgqueque creata
[LOG : 0.242000] Generato pezzo 0 Attesa
[LOG : 0.311000] Generato pezzo 1 Attesa
[LOG : 0.380000] Generato pezzo 2 Attesa
[LOG : 0.450000] Generato pezzo 3 Attesa
[LOG : 0.518000] Generato pezzo 4 Attesa
[LOG : 0.589000] Generato pezzo 5 Attesa
[LOG : 0.673000] Generato pezzo 6 Attesa
[LOG : 0.759000] Generato pezzo 7 Attesa
[LOG : 0.153000] Player Started At 11:59:06
[LOG : 0.172000] Setup Struttura dei segnali
[LOG : 0.177000] Generazione pezzi iniziata
[DEBUG]: Msgqueque creata
[LOG : 0.242000] Generato pezzo 0 Attesa
[LOG : 0.311000] Generato pezzo 1 Attesa
[LOG : 0.380000] Generato pezzo 2 Attesa
[LOG : 0.450000] Generato pezzo 3 Attesa
[LOG : 0.518000] Generato pezzo 4 Attesa
[LOG : 0.128000] Player Started At 11:59:06
[LOG : 0.156000] Setup Struttura dei segnali
[LOG : 0.164000] Generazione pezzi iniziata
[DEBUG]: Msgqueque creata
[LOG : 0.240000] Generato pezzo 0 Attesa
[LOG : 0.322000] Generato pezzo 1 Attesa
[LOG : 0.128000] Player Started At 11:59:06
[LOG : 0.156000] Setup Struttura dei segnali
[LOG : 0.164000] Generazione pezzi iniziata
[DEBUG]: Msgqueque creata
[LOG : 0.240000] Generato pezzo 0 Attesa
[LOG : 0.322000] Generato pezzo 1 Attesa
[LOG : 0.408000] Generato pezzo 2 Attesa
[LOG : 0.128000] Player Started At 11:59:06
[LOG : 0.156000] Setup Struttura dei segnali
[LOG : 0.164000] Generazione pezzi iniziata
[DEBUG]: Msgqueque creata
[LOG : 0.240000] Generato pezzo 0 Attesa
[LOG : 0.322000] Generato pezzo 1 Attesa
[LOG : 0.408000] Generato pezzo 2 Attesa
[LOG : 0.499000] Generato pezzo 3 Attesa
[LOG : 0.579000] Generato pezzo 4 Attesa
[LOG : 0.128000] Player Started At 11:59:06
[LOG : 0.156000] Setup Struttura dei segnali
[LOG : 0.164000] Generazione pezzi iniziata
[DEBUG]: Msgqueque creata
[LOG : 0.240000] Generato pezzo 0 Attesa
[LOG : 0.128000] Player Started At 11:59:06
[LOG : 0.156000] Setup Struttura dei segnali
[LOG : 0.164000] Generazione pezzi iniziata
[DEBUG]: Msgqueque creata
[LOG : 0.240000] Generato pezzo 0 Attesa
[LOG : 0.322000] Generato pezzo 1 Attesa
[LOG : 0.408000] Generato pezzo 2 Attesa
[LOG : 0.499000] Generato pezzo 3 Attesa
[LOG : 0.579000] Generato pezzo 4 Attesa
[LOG : 0.665000] Generato pezzo 5 Attesa
[LOG : 0.751000] Generato pezzo 6 Attesa
[LOG : 0.128000] Player Started At 11:59:06
[LOG : 0.156000] Setup Struttura dei segnali
[LOG : 0.164000] Generazione pezzi iniziata
[DEBUG]: Msgqueque creata
[LOG : 0.240000] Generato pezzo 0 Attesa
[LOG : 0.322000] Generato pezzo 1 Attesa
[LOG : 0.408000] Generato pezzo 2 Attesa
[LOG : 0.499000] Generato pezzo 3 Attesa
[LOG : 0.128000] Player Started At 11:59:06
[LOG : 0.156000] Setup Struttura dei segnali
[LOG : 0.164000] Generazione pezzi iniziata
[DEBUG]: Msgqueque creata
[LOG : 0.240000] Generato pezzo 0 Attesa
[LOG : 0.322000] Generato pezzo 1 Attesa
[LOG : 0.408000] Generato pezzo 2 Attesa
[LOG : 0.499000] Generato pezzo 3 Attesa
[LOG : 0.579000] Generato pezzo 4 Attesa
[LOG : 0.665000] Generato pezzo 5 Attesa
[LOG : 0.751000] Generato pezzo 6 Attesa
[LOG : 0.817000] Generato pezzo 7 Attesa
[LOG : 0.887000] Generato pezzo 8 Attesa
[LOG : 0.942000] Generato pezzo 9 Attesa
[LOG : 0.951000] PLAYER_CLEANER:Interruzione esecuzione in corso
[LOG : 0.128000] Player Started At 11:59:06
[LOG : 0.156000] Setup Struttura dei segnali
[LOG : 0.164000] Generazione pezzi iniziata
[DEBUG]: Msgqueque creata
[LOG : 0.240000] Generato pezzo 0 Attesa
[LOG : 0.322000] Generato pezzo 1 Attesa
[LOG : 0.408000] Generato pezzo 2 Attesa
[LOG : 0.499000] Generato pezzo 3 Attesa
[LOG : 0.579000] Generato pezzo 4 Attesa
[LOG : 0.665000] Generato pezzo 5 Attesa
[LOG : 0.751000] Generato pezzo 6 Attesa
[LOG : 0.817000] Generato pezzo 7 Attesa
[LOG : 0.128000] Player Started At 11:59:06
[LOG : 0.156000] Setup Struttura dei segnali
[LOG : 0.164000] Generazione pezzi iniziata
[DEBUG]: Msgqueque creata
[LOG : 0.240000] Generato pezzo 0 Attesa
[LOG : 0.322000] Generato pezzo 1 Attesa
[LOG : 0.408000] Generato pezzo 2 Attesa
[LOG : 0.499000] Generato pezzo 3 Attesa
[LOG : 0.579000] Generato pezzo 4 Attesa
[LOG : 0.665000] Generato pezzo 5 Attesa
[LOG : 0.751000] Generato pezzo 6 Attesa
[LOG : 0.817000] Generato pezzo 7 Attesa
[LOG : 0.887000] Generato pezzo 8 Attesa
[LOG : 0.128000] Player Started At 11:59:06
[LOG : 0.156000] Setup Struttura dei segnali
[LOG : 0.164000] Generazione pezzi iniziata
[DEBUG]: Msgqueque creata
[LOG : 0.240000] Generato pezzo 0 Attesa
[LOG : 0.322000] Generato pezzo 1 Attesa
[LOG : 0.408000] Generato pezzo 2 Attesa
[LOG : 0.499000] Generato pezzo 3 Attesa
[LOG : 0.579000] Generato pezzo 4 Attesa
[LOG : 0.665000] Generato pezzo 5 Attesa
[LOG : 0.128000] Player Started At 11:59:06
[LOG : 0.156000] Setup Struttura dei segnali
[LOG : 0.164000] Generazione pezzi iniziata
[DEBUG]: Msgqueque creata
