[LOG : 0.196000] Player Started At 07:18:11
[LOG : 0.246000] Setup Struttura dei segnali
[LOG : 0.267000] Generazione pezzi iniziata
[DEBUG]: Msgqueque creata
[LOG : 0.196000] Player Started At 07:18:11
[LOG : 0.246000] Setup Struttura dei segnali
[LOG : 0.267000] Generazione pezzi iniziata
[DEBUG]: Msgqueque creata
[LOG : 0.344000] Generato pezzo 0 Attesa
[LOG : 0.196000] Player Started At 07:18:11
[LOG : 0.246000] Setup Struttura dei segnali
[LOG : 0.267000] Generazione pezzi iniziata
[DEBUG]: Msgqueque creata
[LOG : 0.344000] Generato pezzo 0 Attesa
[LOG : 0.435000] Generato pezzo 1 Attesa
[LOG : 0.196000] Player Started At 07:18:11
[LOG : 0.246000] Setup Struttura dei segnali
[LOG : 0.267000] Generazione pezzi iniziata
[DEBUG]: Msgqueque creata
[LOG : 0.344000] Generato pezzo 0 Attesa
[LOG : 0.435000] Generato pezzo 1 Attesa
[LOG : 0.492000] Generato pezzo 2 Attesa
[LOG : 0.559000] Generato pezzo 3 Attesa
[LOG : 0.196000] Player Started At 07:18:11
[LOG : 0.246000] Setup Struttura dei segnali
[LOG : 0.267000] Generazione pezzi iniziata
[DEBUG]: Msgqueque creata
[LOG : 0.344000] Generato pezzo 0 Attesa
[LOG : 0.435000] Generato pezzo 1 Attesa
[LOG : 0.492000] Generato pezzo 2 Attesa
[LOG : 0.559000] Generato pezzo 3 Attesa
[LOG : 0.615000] Generato pezzo 4 Attesa
[LOG : 0.196000] Player Started At 07:18:11
[LOG : 0.246000] Setup Struttura dei segnali
[LOG : 0.267000] Generazione pezzi iniziata
[DEBUG]: Msgqueque creata
[LOG : 0.344000] Generato pezzo 0 Attesa
[LOG : 0.435000] Generato pezzo 1 Attesa
[LOG : 0.492000] Generato pezzo 2 Attesa
[LOG : 0.559000] Generato pezzo 3 Attesa
[LOG : 0.615000] Generato pezzo 4 Attesa
[LOG : 0.677000] Generato pezzo 5 Attesa
[LOG : 0.747000] Generato pezzo 6 Attesa
[LOG : 0.196000] Player Started At 07:18:11
[LOG : 0.246000] Setup Struttura dei segnali
[LOG : 0.267000] Generazione pezzi iniziata
[DEBUG]: Msgqueque creata
[LOG : 0.344000] Generato pezzo 0 Attesa
[LOG : 0.435000] Generato pezzo 1 Attesa
[LOG : 0.492000] Generato pezzo 2 Attesa
[LOG : 0.559000] Generato pezzo 3 Attesa
[LOG : 0.615000] Generato pezzo 4 Attesa
[LOG : 0.677000] Generato pezzo 5 Attesa
[LOG : 0.747000] Generato pezzo 6 Attesa
[LOG : 0.813000] Generato pezzo 7 Attesa
[LOG : 0.885000] Generato pezzo 8 Attesa
[LOG : 0.971000] Generato pezzo 9 Attesa
[LOG : 0.985000] PLAYER_CLEANER:Interruzione esecuzione in corso
[LOG : 0.196000] Player Started At 07:18:11
[LOG : 0.246000] Setup Struttura dei segnali
[LOG : 0.267000] Generazione pezzi iniziata
[DEBUG]: Msgqueque creata
[LOG : 0.344000] Generato pezzo 0 Attesa
[LOG : 0.435000] Generato pezzo 1 Attesa
[LOG : 0.492000] Generato pezzo 2 Attesa
[LOG : 0.559000] Generato pezzo 3 Attesa
[LOG : 0.615000] Generato pezzo 4 Attesa
[LOG : 0.677000] Generato pezzo 5 Attesa
[LOG : 0.196000] Player Started At 07:18:11
[LOG : 0.246000] Setup Struttura dei segnali
[LOG : 0.267000] Generazione pezzi iniziata
[DEBUG]: Msgqueque creata
[LOG : 0.344000] Generato pezzo 0 Attesa
[LOG : 0.435000] Generato pezzo 1 Attesa
[LOG : 0.492000] Generato pezzo 2 Attesa
[LOG : 0.196000] Player Started At 07:18:11
[LOG : 0.246000] Setup Struttura dei segnali
[LOG : 0.267000] Generazione pezzi iniziata
[DEBUG]: Msgqueque creata
[LOG : 0.344000] Generato pezzo 0 Attesa
[LOG : 0.435000] Generato pezzo 1 Attesa
[LOG : 0.492000] Generato pezzo 2 Attesa
[LOG : 0.559000] Generato pezzo 3 Attesa
[LOG : 0.615000] Generato pezzo 4 Attesa
[LOG : 0.677000] Generato pezzo 5 Attesa
[LOG : 0.747000] Generato pezzo 6 Attesa
[LOG : 0.813000] Generato pezzo 7 Attesa
[LOG : 0.196000] Player Started At 07:18:11
[LOG : 0.246000] Setup Struttura dei segnali
[LOG : 0.267000] Generazione pezzi iniziata
[DEBUG]: Msgqueque creata
[LOG : 0.344000] Generato pezzo 0 Attesa
[LOG : 0.435000] Generato pezzo 1 Attesa
[LOG : 0.492000] Generato pezzo 2 Attesa
[LOG : 0.559000] Generato pezzo 3 Attesa
[LOG : 0.615000] Generato pezzo 4 Attesa
[LOG : 0.677000] Generato pezzo 5 Attesa
[LOG : 0.747000] Generato pezzo 6 Attesa
[LOG : 0.813000] Generato pezzo 7 Attesa
[LOG : 0.885000] Generato pezzo 8 Attesa
[LOG : 0.136000] Player Started At 07:27:29
[LOG : 0.173000] Setup Struttura dei segnali
[LOG : 0.205000] Generazione pezzi iniziata
[DEBUG]: Msgqueque creata
[LOG : 0.136000] Player Started At 07:27:29
[LOG : 0.173000] Setup Struttura dei segnali
[LOG : 0.205000] Generazione pezzi iniziata
[DEBUG]: Msgqueque creata
[LOG : 0.309000] Generato pezzo 0 Attesa
[LOG : 0.435000] Generato pezzo 1 Attesa
[LOG : 0.136000] Player Started At 07:27:29
[LOG : 0.173000] Setup Struttura dei segnali
[LOG : 0.205000] Generazione pezzi iniziata
[DEBUG]: Msgqueque creata
[LOG : 0.309000] Generato pezzo 0 Attesa
[LOG : 0.136000] Player Started At 07:27:29
[LOG : 0.173000] Setup Struttura dei segnali
[LOG : 0.205000] Generazione pezzi iniziata
[DEBUG]: Msgqueque creata
[LOG : 0.309000] Generato pezzo 0 Attesa
[LOG : 0.435000] Generato pezzo 1 Attesa
[LOG : 0.504000] Generato pezzo 2 Attesa
[LOG : 0.566000] Generato pezzo 3 Attesa
[LOG : 0.634000] Generato pezzo 4 Attesa
[LOG : 0.136000] Player Started At 07:27:29
[LOG : 0.173000] Setup Struttura dei segnali
[LOG : 0.205000] Generazione pezzi iniziata
[DEBUG]: Msgqueque creata
[LOG : 0.309000] Generato pezzo 0 Attesa
[LOG : 0.435000] Generato pezzo 1 Attesa
[LOG : 0.504000] Generato pezzo 2 Attesa
[LOG : 0.566000] Generato pezzo 3 Attesa
[LOG : 0.634000] Generato pezzo 4 Attesa
[LOG : 0.710000] Generato pezzo 5 Attesa
[LOG : 0.136000] Player Started At 07:27:29
[LOG : 0.173000] Setup Struttura dei segnali
[LOG : 0.205000] Generazione pezzi iniziata
[DEBUG]: Msgqueque creata
[LOG : 0.309000] Generato pezzo 0 Attesa
[LOG : 0.435000] Generato pezzo 1 Attesa
[LOG : 0.504000] Generato pezzo 2 Attesa
[LOG : 0.566000] Generato pezzo 3 Attesa
[LOG : 0.634000] Generato pezzo 4 Attesa
[LOG : 0.710000] Generato pezzo 5 Attesa
[LOG : 0.809000] Generato pezzo 6 Attesa
[LOG : 0.136000] Player Started At 07:27:29
[LOG : 0.173000] Setup Struttura dei segnali
[LOG : 0.205000] Generazione pezzi iniziata
[DEBUG]: Msgqueque creata
[LOG : 0.309000] Generato pezzo 0 Attesa
[LOG : 0.435000] Generato pezzo 1 Attesa
[LOG : 0.504000] Generato pezzo 2 Attesa
[LOG : 0.566000] Generato pezzo 3 Attesa
[LOG : 0.634000] Generato pezzo 4 Attesa
[LOG : 0.710000] Generato pezzo 5 Attesa
[LOG : 0.809000] Generato pezzo 6 Attesa
[LOG : 0.883000] Generato pezzo 7 Attesa
[LOG : 0.136000] Player Started At 07:27:29
[LOG : 0.173000] Setup Struttura dei segnali
[LOG : 0.205000] Generazione pezzi iniziata
[DEBUG]: Msgqueque creata
[LOG : 0.309000] Generato pezzo 0 Attesa
[LOG : 0.435000] Generato pezzo 1 Attesa
[LOG : 0.504000] Generato pezzo 2 Attesa
[LOG : 0.566000] Generato pezzo 3 Attesa
[LOG : 0.634000] Generato pezzo 4 Attesa
[LOG : 0.710000] Generato pezzo 5 Attesa
[LOG : 0.809000] Generato pezzo 6 Attesa
[LOG : 0.883000] Generato pezzo 7 Attesa
[LOG : 0.948000] Generato pezzo 8 Attesa
[LOG : 1.014000] Generato pezzo 9 Attesa
[LOG : 1.026000] PLAYER_CLEANER:Interruzione esecuzione in corso
[LOG : 0.136000] Player Started At 07:27:29
[LOG : 0.173000] Setup Struttura dei segnali
[LOG : 0.205000] Generazione pezzi iniziata
[DEBUG]: Msgqueque creata
[LOG : 0.309000] Generato pezzo 0 Attesa
[LOG : 0.435000] Generato pezzo 1 Attesa
[LOG : 0.504000] Generato pezzo 2 Attesa
[LOG : 0.566000] Generato pezzo 3 Attesa
[LOG : 0.634000] Generato pezzo 4 Attesa
[LOG : 0.710000] Generato pezzo 5 Attesa
[LOG : 0.809000] Generato pezzo 6 Attesa
[LOG : 0.883000] Generato pezzo 7 Attesa
[LOG : 0.948000] Generato pezzo 8 Attesa
[LOG : 0.136000] Player Started At 07:27:29
[LOG : 0.173000] Setup Struttura dei segnali
[LOG : 0.205000] Generazione pezzi iniziata
[DEBUG]: Msgqueque creata
[LOG : 0.309000] Generato pezzo 0 Attesa
[LOG : 0.435000] Generato pezzo 1 Attesa
[LOG : 0.504000] Generato pezzo 2 Attesa
[LOG : 0.136000] Player Started At 07:27:29
[LOG : 0.173000] Setup Struttura dei segnali
[LOG : 0.205000] Generazione pezzi iniziata
[DEBUG]: Msgqueque creata
[LOG : 0.309000] Generato pezzo 0 Attesa
[LOG : 0.435000] Generato pezzo 1 Attesa
[LOG : 0.504000] Generato pezzo 2 Attesa
[LOG : 0.566000] Generato pezzo 3 Attesa
[LOG : 0.061000] Player Started At 07:27:29
[LOG : 0.096000] Setup Struttura dei segnali
[LOG : 0.103000] Generazione pezzi iniziata
[DEBUG]: Msgqueque creata
[LOG : 0.061000] Player Started At 07:27:29
[LOG : 0.096000] Setup Struttura dei segnali
[LOG : 0.103000] Generazione pezzi iniziata
[DEBUG]: Msgqueque creata
[LOG : 0.169000] Generato pezzo 0 Attesa
[LOG : 0.061000] Player Started At 07:27:29
[LOG : 0.096000] Setup Struttura dei segnali
[LOG : 0.103000] Generazione pezzi iniziata
[DEBUG]: Msgqueque creata
[LOG : 0.169000] Generato pezzo 0 Attesa
[LOG : 0.228000] Generato pezzo 1 Attesa
[LOG : 0.353000] Generato pezzo 2 Attesa
[LOG : 0.061000] Player Started At 07:27:29
[LOG : 0.096000] Setup Struttura dei segnali
[LOG : 0.103000] Generazione pezzi iniziata
[DEBUG]: Msgqueque creata
[LOG : 0.169000] Generato pezzo 0 Attesa
[LOG : 0.228000] Generato pezzo 1 Attesa
[LOG : 0.353000] Generato pezzo 2 Attesa
[LOG : 0.427000] Generato pezzo 3 Attesa
[LOG : 0.061000] Player Started At 07:27:29
[LOG : 0.096000] Setup Struttura dei segnali
[LOG : 0.103000] Generazione pezzi iniziata
[DEBUG]: Msgqueque creata
[LOG : 0.169000] Generato pezzo 0 Attesa
[LOG : 0.228000] Generato pezzo 1 Attesa
[LOG : 0.061000] Player Started At 07:27:29
[LOG : 0.096000] Setup Struttura dei segnali
[LOG : 0.103000] Generazione pezzi iniziata
[DEBUG]: Msgqueque creata
[LOG : 0.169000] Generato pezzo 0 Attesa
[LOG : 0.228000] Generato pezzo 1 Attesa
[LOG : 0.353000] Generato pezzo 2 Attesa
[LOG : 0.427000] Generato pezzo 3 Attesa
[LOG : 0.495000] Generato pezzo 4 Attesa
[LOG : 0.555000] Generato pezzo 5 Attesa
[LOG : 0.613000] Generato pezzo 6 Attesa
[LOG : 0.061000] Player Started At 07:27:29
[LOG : 0.096000] Setup Struttura dei segnali
[LOG : 0.103000] Generazione pezzi iniziata
[DEBUG]: Msgqueque creata
[LOG : 0.169000] Generato pezzo 0 Attesa
[LOG : 0.228000] Generato pezzo 1 Attesa
[LOG : 0.353000] Generato pezzo 2 Attesa
[LOG : 0.427000] Generato pezzo 3 Attesa
[LOG : 0.495000] Generato pezzo 4 Attesa
[LOG : 0.555000] Generato pezzo 5 Attesa
[LOG : 0.613000] Generato pezzo 6 Attesa
[LOG : 0.709000] Generato pezzo 7 Attesa
[LOG : 0.771000] Generato pezzo 8 Attesa
[LOG : 0.830000] Generato pezzo 9 Attesa
[LOG : 0.842000] PLAYER_CLEANER:Interruzione esecuzione in corso
[LOG : 0.061000] Player Started At 07:27:29
[LOG : 0.096000] Setup Struttura dei segnali
[LOG : 0.103000] Generazione pezzi iniziata
[DEBUG]: Msgqueque creata
[LOG : 0.169000] Generato pezzo 0 Attesa
[LOG : 0.228000] Generato pezzo 1 Attesa
[LOG : 0.353000] Generato pezzo 2 Attesa
[LOG : 0.427000] Generato pezzo 3 Attesa
[LOG : 0.495000] Generato pezzo 4 Attesa
[LOG : 0.555000] Generato pezzo 5 Attesa
[LOG : 0.613000] Generato pezzo 6 Attesa
[LOG : 0.709000] Generato pezzo 7 Attesa
[LOG : 0.771000] Generato pezzo 8 Attesa
[LOG : 0.061000] Player Started At 07:27:29
[LOG : 0.096000] Setup Struttura dei segnali
[LOG : 0.103000] Generazione pezzi iniziata
[DEBUG]: Msgqueque creata
[LOG : 0.169000] Generato pezzo 0 Attesa
[LOG : 0.228000] Generato pezzo 1 Attesa
[LOG : 0.353000] Generato pezzo 2 Attesa
[LOG : 0.427000] Generato pezzo 3 Attesa
[LOG : 0.495000] Generato pezzo 4 Attesa
[LOG : 0.555000] Generato pezzo 5 Attesa
[LOG : 0.613000] Generato pezzo 6 Attesa
[LOG : 0.709000] Generato pezzo 7 Attesa
[LOG : 0.061000] Player Started At 07:27:29
[LOG : 0.096000] Setup Struttura dei segnali
[LOG : 0.103000] Generazione pezzi iniziata
[DEBUG]: Msgqueque creata
[LOG : 0.169000] Generato pezzo 0 Attesa
[LOG : 0.228000] Generato pezzo 1 Attesa
[LOG : 0.353000] Generato pezzo 2 Attesa
[LOG : 0.427000] Generato pezzo 3 Attesa
[LOG : 0.495000] Generato pezzo 4 Attesa
[LOG : 0.061000] Player Started At 07:27:29
[LOG : 0.096000] Setup Struttura dei segnali
[LOG : 0.103000] Generazione pezzi iniziata
[DEBUG]: Msgqueque creata
[LOG : 0.169000] Generato pezzo 0 Attesa
[LOG : 0.228000] Generato pezzo 1 Attesa
[LOG : 0.353000] Generato pezzo 2 Attesa
[LOG : 0.427000] Generato pezzo 3 Attesa
[LOG : 0.495000] Generato pezzo 4 Attesa
[LOG : 0.555000] Generato pezzo 5 Attesa
[LOG : 0.158000] Player Started At 07:27:29
[LOG : 0.179000] Setup Struttura dei segnali
[LOG : 0.212000] Generazione pezzi iniziata
[DEBUG]: Msgqueque creata
[LOG : 0.158000] Player Started At 07:27:29
[LOG : 0.179000] Setup Struttura dei segnali
[LOG : 0.212000] Generazione pezzi iniziata
[DEBUG]: Msgqueque creata
[LOG : 0.307000] Generato pezzo 0 Attesa
[LOG : 0.488000] Generato pezzo 1 Attesa
[LOG : 0.563000] Generato pezzo 2 Attesa
[LOG : 0.158000] Player Started At 07:27:29
[LOG : 0.179000] Setup Struttura dei segnali
[LOG : 0.212000] Generazione pezzi iniziata
[DEBUG]: Msgqueque creata
[LOG : 0.307000] Generato pezzo 0 Attesa
[LOG : 0.488000] Generato pezzo 1 Attesa
[LOG : 0.563000] Generato pezzo 2 Attesa
[LOG : 0.628000] Generato pezzo 3 Attesa
[LOG : 0.158000] Player Started At 07:27:29
[LOG : 0.179000] Setup Struttura dei segnali
[LOG : 0.212000] Generazione pezzi iniziata
[DEBUG]: Msgqueque creata
[LOG : 0.307000] Generato pezzo 0 Attesa
[LOG : 0.488000] Generato pezzo 1 Attesa
[LOG : 0.563000] Generato pezzo 2 Attesa
[LOG : 0.628000] Generato pezzo 3 Attesa
[LOG : 0.702000] Generato pezzo 4 Attesa
[LOG : 0.777000] Generato pezzo 5 Attesa
[LOG : 0.875000] Generato pezzo 6 Attesa
[LOG : 0.158000] Player Started At 07:27:29
[LOG : 0.179000] Setup Struttura dei segnali
[LOG : 0.212000] Generazione pezzi iniziata
[DEBUG]: Msgqueque creata
[LOG : 0.307000] Generato pezzo 0 Attesa
[LOG : 0.488000] Generato pezzo 1 Attesa
[LOG : 0.563000] Generato pezzo 2 Attesa
[LOG : 0.628000] Generato pezzo 3 Attesa
[LOG : 0.702000] Generato pezzo 4 Attesa
[LOG : 0.158000] Player Started At 07:27:29
[LOG : 0.179000] Setup Struttura dei segnali
[LOG : 0.212000] Generazione pezzi iniziata
[DEBUG]: Msgqueque creata
[LOG : 0.307000] Generato pezzo 0 Attesa
[LOG : 0.488000] Generato pezzo 1 Attesa
[LOG : 0.563000] Generato pezzo 2 Attesa
[LOG : 0.628000] Generato pezzo 3 Attesa
[LOG : 0.702000] Generato pezzo 4 Attesa
[LOG : 0.777000] Generato pezzo 5 Attesa
[LOG : 0.875000] Generato pezzo 6 Attesa
[LOG : 0.969000] Generato pezzo 7 Attesa
[LOG : 1.064000] Generato pezzo 8 Attesa
[LOG : 1.138000] Generato pezzo 9 Attesa
[LOG : 1.149000] PLAYER_CLEANER:Interruzione esecuzione in corso
[LOG : 0.158000] Player Started At 07:27:29
[LOG : 0.179000] Setup Struttura dei segnali
[LOG : 0.212000] Generazione pezzi iniziata
[DEBUG]: Msgqueque creata
[LOG : 0.307000] Generato pezzo 0 Attesa
[LOG : 0.488000] Generato pezzo 1 Attesa
[LOG : 0.563000] Generato pezzo 2 Attesa
[LOG : 0.628000] Generato pezzo 3 Attesa
[LOG : 0.702000] Generato pezzo 4 Attesa
[LOG : 0.777000] Generato pezzo 5 Attesa
[LOG : 0.875000] Generato pezzo 6 Attesa
[LOG : 0.969000] Generato pezzo 7 Attesa
[LOG : 0.158000] Player Started At 07:27:29
[LOG : 0.179000] Setup Struttura dei segnali
[LOG : 0.212000] Generazione pezzi iniziata
[DEBUG]: Msgqueque creata
[LOG : 0.307000] Generato pezzo 0 Attesa
[LOG : 0.488000] Generato pezzo 1 Attesa
[LOG : 0.158000] Player Started At 07:27:29
[LOG : 0.179000] Setup Struttura dei segnali
[LOG : 0.212000] Generazione pezzi iniziata
[DEBUG]: Msgqueque creata
[LOG : 0.307000] Generato pezzo 0 Attesa
[LOG : 0.488000] Generato pezzo 1 Attesa
[LOG : 0.563000] Generato pezzo 2 Attesa
[LOG : 0.628000] Generato pezzo 3 Attesa
[LOG : 0.702000] Generato pezzo 4 Attesa
[LOG : 0.777000] Generato pezzo 5 Attesa
[LOG : 0.875000] Generato pezzo 6 Attesa
[LOG : 0.969000] Generato pezzo 7 Attesa
[LOG : 1.064000] Generato pezzo 8 Attesa
[LOG : 0.158000] Player Started At 07:27:29
[LOG : 0.179000] Setup Struttura dei segnali
[LOG : 0.212000] Generazione pezzi iniziata
[DEBUG]: Msgqueque creata
[LOG : 0.307000] Generato pezzo 0 Attesa
[LOG : 0.158000] Player Started At 07:27:29
[LOG : 0.179000] Setup Struttura dei segnali
[LOG : 0.212000] Generazione pezzi iniziata
[DEBUG]: Msgqueque creata
[LOG : 0.307000] Generato pezzo 0 Attesa
[LOG : 0.488000] Generato pezzo 1 Attesa
[LOG : 0.563000] Generato pezzo 2 Attesa
[LOG : 0.628000] Generato pezzo 3 Attesa
[LOG : 0.702000] Generato pezzo 4 Attesa
[LOG : 0.777000] Generato pezzo 5 Attesa
[LOG : 0.169000] Player Started At 07:27:29
[LOG : 0.204000] Setup Struttura dei segnali
[LOG : 0.209000] Generazione pezzi iniziata
[DEBUG]: Msgqueque creata
[LOG : 0.169000] Player Started At 07:27:29
[LOG : 0.204000] Setup Struttura dei segnali
[LOG : 0.209000] Generazione pezzi iniziata
[DEBUG]: Msgqueque creata
[LOG : 0.309000] Generato pezzo 0 Attesa
[LOG : 0.169000] Player Started At 07:27:29
[LOG : 0.204000] Setup Struttura dei segnali
[LOG : 0.209000] Generazione pezzi iniziata
[DEBUG]: Msgqueque creata
[LOG : 0.309000] Generato pezzo 0 Attesa
[LOG : 0.414000] Generato pezzo 1 Attesa
[LOG : 0.493000] Generato pezzo 2 Attesa
[LOG : 0.560000] Generato pezzo 3 Attesa
[LOG : 0.169000] Player Started At 07:27:29
[LOG : 0.204000] Setup Struttura dei segnali
[LOG : 0.209000] Generazione pezzi iniziata
[DEBUG]: Msgqueque creata
[LOG : 0.309000] Generato pezzo 0 Attesa
[LOG : 0.414000] Generato pezzo 1 Attesa
[LOG : 0.493000] Generato pezzo 2 Attesa
[LOG : 0.169000] Player Started At 07:27:29
[LOG : 0.204000] Setup Struttura dei segnali
[LOG : 0.209000] Generazione pezzi iniziata
[DEBUG]: Msgqueque creata
[LOG : 0.309000] Generato pezzo 0 Attesa
[LOG : 0.414000] Generato pezzo 1 Attesa
[LOG : 0.493000] Generato pezzo 2 Attesa
[LOG : 0.560000] Generato pezzo 3 Attesa
[LOG : 0.632000] Generato pezzo 4 Attesa
[LOG : 0.169000] Player Started At 07:27:29
[LOG : 0.204000] Setup Struttura dei segnali
[LOG : 0.209000] Generazione pezzi iniziata
[DEBUG]: Msgqueque creata
[LOG : 0.309000] Generato pezzo 0 Attesa
[LOG : 0.414000] Generato pezzo 1 Attesa
[LOG : 0.169000] Player Started At 07:27:29
[LOG : 0.204000] Setup Struttura dei segnali
[LOG : 0.209000] Generazione pezzi iniziata
[DEBUG]: Msgqueque creata
[LOG : 0.309000] Generato pezzo 0 Attesa
[LOG : 0.414000] Generato pezzo 1 Attesa
[LOG : 0.493000] Generato pezzo 2 Attesa
[LOG : 0.560000] Generato pezzo 3 Attesa
[LOG : 0.632000] Generato pezzo 4 Attesa
[LOG : 0.743000] Generato pezzo 5 Attesa
[LOG : 0.169000] Player Started At 07:27:29
[LOG : 0.204000] Setup Struttura dei segnali
[LOG : 0.209000] Generazione pezzi iniziata
[DEBUG]: Msgqueque creata
[LOG : 0.309000] Generato pezzo 0 Attesa
[LOG : 0.414000] Generato pezzo 1 Attesa
[LOG : 0.493000] Generato pezzo 2 Attesa
[LOG : 0.560000] Generato pezzo 3 Attesa
[LOG : 0.632000] Generato pezzo 4 Attesa
[LOG : 0.743000] Generato pezzo 5 Attesa
[LOG : 0.850000] Generato pezzo 6 Attesa
[LOG : 0.169000] Player Started At 07:27:29
[LOG : 0.204000] Setup Struttura dei segnali
[LOG : 0.209000] Generazione pezzi iniziata
[DEBUG]: Msgqueque creata
[LOG : 0.309000] Generato pezzo 0 Attesa
[LOG : 0.414000] Generato pezzo 1 Attesa
[LOG : 0.493000] Generato pezzo 2 Attesa
[LOG : 0.560000] Generato pezzo 3 Attesa
[LOG : 0.632000] Generato pezzo 4 Attesa
[LOG : 0.743000] Generato pezzo 5 Attesa
[LOG : 0.850000] Generato pezzo 6 Attesa
[LOG : 0.957000] Generato pezzo 7 Attesa
[LOG : 0.169000] Player Started At 07:27:29
[LOG : 0.204000] Setup Struttura dei segnali
[LOG : 0.209000] Generazione pezzi iniziata
[DEBUG]: Msgqueque creata
[LOG : 0.309000] Generato pezzo 0 Attesa
[LOG : 0.414000] Generato pezzo 1 Attesa
[LOG : 0.493000] Generato pezzo 2 Attesa
[LOG : 0.560000] Generato pezzo 3 Attesa
[LOG : 0.632000] Generato pezzo 4 Attesa
[LOG : 0.743000] Generato pezzo 5 Attesa
[LOG : 0.850000] Generato pezzo 6 Attesa
[LOG : 0.957000] Generato pezzo 7 Attesa
[LOG : 1.053000] Generato pezzo 8 Attesa
[LOG : 1.196000] Generato pezzo 9 Attesa
[LOG : 1.227000] PLAYER_CLEANER:Interruzione esecuzione in corso
[LOG : 0.169000] Player Started At 07:27:29
[LOG : 0.204000] Setup Struttura dei segnali
[LOG : 0.209000] Generazione pezzi iniziata
[DEBUG]: Msgqueque creata
[LOG : 0.309000] Generato pezzo 0 Attesa
[LOG : 0.414000] Generato pezzo 1 Attesa
[LOG : 0.493000] Generato pezzo 2 Attesa
[LOG : 0.560000] Generato pezzo 3 Attesa
[LOG : 0.632000] Generato pezzo 4 Attesa
[LOG : 0.743000] Generato pezzo 5 Attesa
[LOG : 0.850000] Generato pezzo 6 Attesa
[LOG : 0.957000] Generato pezzo 7 Attesa
[LOG : 1.053000] Generato pezzo 8 Attesa
