[LOG : Player -> 0.255000] Player Started At 11:57:15
[LOG : Player -> 0.298000] Tabella semafori iniziata
[LOG : Player -> 0.306000] Setup Struttura dei segnali
[LOG : Player -> 0.313000] Generazione pezzi iniziata
[LOG : Player -> 0.502000] Generato pezzo 0 Attesa
[LOG : Player -> 0.691000] Generato pezzo 1 Attesa
[LOG : Player -> 0.919000] Generato pezzo 2 Attesa
[LOG : Player -> 1.131000] Generato pezzo 3 Attesa
[LOG : Player -> 1.332000] Generato pezzo 4 Attesa
[LOG : Player -> 1.520000] Generato pezzo 5 Attesa
[LOG : Player -> 1.759000] Generato pezzo 6 Attesa
[LOG : Player -> 1.956000] Generato pezzo 7 Attesa
[LOG : Player -> 2.152000] Generato pezzo 8 Attesa
[LOG : Player -> 2.356000] Generato pezzo 9 Attesa
[LOG : Player -> 2.671000] Generato pezzo 10 Attesa
[LOG : Player -> 2.853000] Generato pezzo 11 Attesa
[LOG : Player -> 2.938000] Generato pezzo 12 Attesa
[LOG : Player -> 3.025000] Generato pezzo 13 Attesa
[LOG : Player -> 3.105000] Generato pezzo 14 Attesa
[LOG : Player -> 3.182000] Generato pezzo 15 Attesa
[LOG : Player -> 3.260000] Generato pezzo 16 Attesa
[LOG : Player -> 3.335000] Generato pezzo 17 Attesa
[LOG : Player -> 3.410000] Generato pezzo 18 Attesa
[LOG : Player -> 3.489000] Generato pezzo 19 Attesa
[LOG : Player -> 0.060000] Player Started At 11:59:50
[LOG : Player -> 0.079000] Tabella semafori iniziata
[LOG : Player -> 0.090000] Setup Struttura dei segnali
[LOG : Player -> 0.099000] Generazione pezzi iniziata
[LOG : Player -> 0.198000] Generato pezzo 0 Attesa
[LOG : Player -> 0.269000] Generato pezzo 1 Attesa
[LOG : Player -> 0.329000] Generato pezzo 2 Attesa
[LOG : Player -> 0.458000] Generato pezzo 3 Attesa
[LOG : Player -> 0.694000] Generato pezzo 4 Attesa
[LOG : Player -> 0.916000] Generato pezzo 5 Attesa
[LOG : Player -> 1.146000] Generato pezzo 6 Attesa
[LOG : Player -> 1.339000] Generato pezzo 7 Attesa
[LOG : Player -> 1.685000] Generato pezzo 8 Attesa
[LOG : Player -> 1.935000] Generato pezzo 9 Attesa
[LOG : Player -> 2.139000] Generato pezzo 10 Attesa
[LOG : Player -> 2.389000] Generato pezzo 11 Attesa
[LOG : Player -> 2.594000] Generato pezzo 12 Attesa
[LOG : Player -> 2.821000] Generato pezzo 13 Attesa
[LOG : Player -> 3.020000] Generato pezzo 14 Attesa
[LOG : Player -> 3.217000] Generato pezzo 15 Attesa
[LOG : Player -> 3.432000] Generato pezzo 16 Attesa
[LOG : Player -> 3.687000] Generato pezzo 17 Attesa
[LOG : Player -> 3.891000] Generato pezzo 18 Attesa
[LOG : Player -> 4.092000] Generato pezzo 19 Attesa
